{"/Users/walterroman/Sandbox/minesweeper-react/Resources/coffee/actions/ModalActions.coffee":{"path":"/Users/walterroman/Sandbox/minesweeper-react/Resources/coffee/actions/ModalActions.coffee","s":{"1":1,"2":1},"b":{},"f":{},"fnMap":{},"statementMap":{"1":{"start":{"line":1,"column":0},"end":{"line":1,"column":24}},"2":{"start":{"line":3,"column":0},"end":{"line":7,"column":0}}},"branchMap":{}},"/Users/walterroman/Sandbox/minesweeper-react/Resources/coffee/actions/NewGameActions.coffee":{"path":"/Users/walterroman/Sandbox/minesweeper-react/Resources/coffee/actions/NewGameActions.coffee","s":{"1":1,"2":1},"b":{},"f":{},"fnMap":{},"statementMap":{"1":{"start":{"line":1,"column":0},"end":{"line":1,"column":24}},"2":{"start":{"line":3,"column":0},"end":{"line":5,"column":0}}},"branchMap":{}},"/Users/walterroman/Sandbox/minesweeper-react/Resources/coffee/actions/TilesActions.coffee":{"path":"/Users/walterroman/Sandbox/minesweeper-react/Resources/coffee/actions/TilesActions.coffee","s":{"1":1,"2":1},"b":{},"f":{},"fnMap":{},"statementMap":{"1":{"start":{"line":1,"column":0},"end":{"line":1,"column":24}},"2":{"start":{"line":3,"column":0},"end":{"line":8,"column":0}}},"branchMap":{}},"/Users/walterroman/Sandbox/minesweeper-react/Resources/coffee/app.coffee":{"path":"/Users/walterroman/Sandbox/minesweeper-react/Resources/coffee/app.coffee","s":{"1":1,"2":1,"3":1,"4":1},"b":{},"f":{},"fnMap":{},"statementMap":{"1":{"start":{"line":1,"column":0},"end":{"line":1,"column":29}},"2":{"start":{"line":3,"column":0},"end":{"line":3,"column":58}},"3":{"start":{"line":5,"column":0},"end":{"line":5,"column":64}},"4":{"start":{"line":7,"column":0},"end":{"line":10,"column":0}}},"branchMap":{}},"/Users/walterroman/Sandbox/minesweeper-react/Resources/coffee/collections/ModalsCollection.coffee":{"path":"/Users/walterroman/Sandbox/minesweeper-react/Resources/coffee/collections/ModalsCollection.coffee","s":{"1":1,"2":4,"3":11,"4":11,"5":52,"6":52,"7":107,"8":52,"9":121,"10":246,"11":121,"12":1},"b":{"1":[52,55]},"f":{"1":1,"2":4,"3":11,"4":52,"5":121},"fnMap":{"1":{"name":"ModalsCollection","line":1,"loc":{"start":{"line":1,"column":6},"end":{"line":1,"column":21}}},"2":{"name":"constructor","line":2,"loc":{"start":{"line":2,"column":4},"end":{"line":2,"column":18}}},"3":{"name":"set","line":5,"loc":{"start":{"line":5,"column":4},"end":{"line":5,"column":18}}},"4":{"name":"toggle","line":9,"loc":{"start":{"line":9,"column":4},"end":{"line":9,"column":21}}},"5":{"name":"reset","line":15,"loc":{"start":{"line":15,"column":4},"end":{"line":15,"column":13}}}},"statementMap":{"1":{"start":{"line":1,"column":0},"end":{"line":19,"column":0}},"2":{"start":{"line":3,"column":8},"end":{"line":3,"column":17}},"3":{"start":{"line":6,"column":8},"end":{"line":6,"column":30}},"4":{"start":{"line":7,"column":8},"end":{"line":7,"column":8}},"5":{"start":{"line":10,"column":8},"end":{"line":10,"column":15}},"6":{"start":{"line":11,"column":8},"end":{"line":15,"column":3}},"7":{"start":{"line":12,"column":12},"end":{"line":15,"column":3}},"8":{"start":{"line":13,"column":16},"end":{"line":13,"column":47}},"9":{"start":{"line":16,"column":8},"end":{"line":18,"column":7}},"10":{"start":{"line":17,"column":12},"end":{"line":17,"column":33}},"11":{"start":{"line":18,"column":8},"end":{"line":18,"column":8}},"12":{"start":{"line":20,"column":0},"end":{"line":20,"column":32}}},"branchMap":{"1":{"line":12,"type":"if","locations":[{"start":{"line":12,"column":12},"end":{"line":12,"column":12}},{"start":{"line":12,"column":12},"end":{"line":12,"column":12}}]}}},"/Users/walterroman/Sandbox/minesweeper-react/Resources/coffee/collections/TilesCollection.coffee":{"path":"/Users/walterroman/Sandbox/minesweeper-react/Resources/coffee/collections/TilesCollection.coffee","s":{"1":1,"2":1,"3":57,"4":57,"5":57,"6":1369,"7":1369,"8":1369,"9":28,"10":28,"11":112,"12":112,"13":112,"14":112,"15":112,"16":1113,"17":11470,"18":11470,"19":112,"20":4649,"21":4649,"22":112,"23":112,"24":0,"25":0,"26":0,"27":0,"28":6,"29":6,"30":6,"31":6,"32":6,"33":11475,"34":11475,"35":11475,"36":117,"37":117,"38":6233,"39":6233,"40":6233,"41":6233,"42":118,"43":12004,"44":12004,"45":96032,"46":96032,"47":96032,"48":96032,"49":96032,"50":33936,"51":12004,"52":112,"53":112,"54":11470,"55":4649,"56":112,"57":1509,"58":1509,"59":1509,"60":1509,"61":1509,"62":236711,"63":64653,"64":236711,"65":57,"66":236711,"67":16,"68":1509,"69":31,"70":1373,"71":1373,"72":117,"73":936,"74":936,"75":936,"76":936,"77":206,"78":97365,"79":104964,"80":104964,"81":1312,"82":103652,"83":17697991,"84":17697991,"85":17697991,"86":51809265,"87":51809265,"88":10883595,"89":17697991,"90":725481,"91":103652,"92":1},"b":{"1":[6,0],"2":[33936,62096],"3":[4649,6821],"4":[64653,172058],"5":[57,236654],"6":[16,236695],"7":[31,1478],"8":[117,1256],"9":[206,730],"10":[1312,103652],"11":[10883595,40925670],"12":[725481,16972510]},"f":{"1":1,"2":57,"3":57,"4":1369,"5":28,"6":112,"7":0,"8":6,"9":11475,"10":117,"11":6233,"12":118,"13":112,"14":1509,"15":1373,"16":97365,"17":104964},"fnMap":{"1":{"name":"TilesCollection","line":3,"loc":{"start":{"line":3,"column":6},"end":{"line":3,"column":20}}},"2":{"name":"constructor","line":4,"loc":{"start":{"line":4,"column":4},"end":{"line":4,"column":18}}},"3":{"name":"Model","line":9,"loc":{"start":{"line":9,"column":23},"end":{"line":9,"column":27}}},"4":{"name":"clear","line":10,"loc":{"start":{"line":10,"column":12},"end":{"line":10,"column":20}}},"5":{"name":"toggleFlag","line":15,"loc":{"start":{"line":15,"column":12},"end":{"line":15,"column":25}}},"6":{"name":"newGame","line":19,"loc":{"start":{"line":19,"column":4},"end":{"line":19,"column":28}}},"7":{"name":"loadGame","line":40,"loc":{"start":{"line":40,"column":4},"end":{"line":40,"column":28}}},"8":{"name":"noMineFirstClick","line":48,"loc":{"start":{"line":48,"column":4},"end":{"line":48,"column":30}}},"9":{"name":"add","line":57,"loc":{"start":{"line":57,"column":4},"end":{"line":57,"column":18}}},"10":{"name":"reset","line":62,"loc":{"start":{"line":62,"column":4},"end":{"line":62,"column":12}}},"11":{"name":"randomSafeTile","line":66,"loc":{"start":{"line":66,"column":4},"end":{"line":66,"column":22}}},"12":{"name":"tallyMines","line":75,"loc":{"start":{"line":75,"column":4},"end":{"line":75,"column":18}}},"13":{"name":"gameUpdate","line":91,"loc":{"start":{"line":91,"column":4},"end":{"line":91,"column":18}}},"14":{"name":"moveUpdate","line":99,"loc":{"start":{"line":99,"column":4},"end":{"line":99,"column":18}}},"15":{"name":"clearNeighbors","line":122,"loc":{"start":{"line":122,"column":4},"end":{"line":122,"column":29}}},"16":{"name":"get","line":140,"loc":{"start":{"line":140,"column":4},"end":{"line":140,"column":19}}},"17":{"name":"getAll","line":143,"loc":{"start":{"line":143,"column":4},"end":{"line":143,"column":22}}}},"statementMap":{"1":{"start":{"line":1,"column":0},"end":{"line":1,"column":47}},"2":{"start":{"line":3,"column":0},"end":{"line":160,"column":0}},"3":{"start":{"line":5,"column":8},"end":{"line":5,"column":16}},"4":{"start":{"line":7,"column":8},"end":{"line":7,"column":21}},"5":{"start":{"line":9,"column":8},"end":{"line":19,"column":3}},"6":{"start":{"line":11,"column":16},"end":{"line":11,"column":22}},"7":{"start":{"line":12,"column":16},"end":{"line":12,"column":42}},"8":{"start":{"line":13,"column":16},"end":{"line":13,"column":38}},"9":{"start":{"line":16,"column":16},"end":{"line":16,"column":22}},"10":{"start":{"line":17,"column":16},"end":{"line":17,"column":38}},"11":{"start":{"line":20,"column":8},"end":{"line":20,"column":15}},"12":{"start":{"line":21,"column":8},"end":{"line":21,"column":13}},"13":{"start":{"line":22,"column":8},"end":{"line":22,"column":13}},"14":{"start":{"line":23,"column":8},"end":{"line":23,"column":26}},"15":{"start":{"line":25,"column":8},"end":{"line":33,"column":7}},"16":{"start":{"line":26,"column":12},"end":{"line":33,"column":7}},"17":{"start":{"line":27,"column":16},"end":{"line":30,"column":16}},"18":{"start":{"line":31,"column":16},"end":{"line":31,"column":25}},"19":{"start":{"line":33,"column":8},"end":{"line":37,"column":7}},"20":{"start":{"line":34,"column":12},"end":{"line":34,"column":35}},"21":{"start":{"line":35,"column":12},"end":{"line":35,"column":35}},"22":{"start":{"line":37,"column":8},"end":{"line":37,"column":20}},"23":{"start":{"line":38,"column":8},"end":{"line":38,"column":20}},"24":{"start":{"line":41,"column":8},"end":{"line":41,"column":15}},"25":{"start":{"line":42,"column":8},"end":{"line":44,"column":7}},"26":{"start":{"line":43,"column":12},"end":{"line":43,"column":26}},"27":{"start":{"line":44,"column":8},"end":{"line":44,"column":20}},"28":{"start":{"line":50,"column":8},"end":{"line":55,"column":7}},"29":{"start":{"line":51,"column":12},"end":{"line":51,"column":36}},"30":{"start":{"line":52,"column":12},"end":{"line":52,"column":48}},"31":{"start":{"line":53,"column":12},"end":{"line":53,"column":24}},"32":{"start":{"line":55,"column":8},"end":{"line":55,"column":18}},"33":{"start":{"line":58,"column":8},"end":{"line":58,"column":30}},"34":{"start":{"line":59,"column":8},"end":{"line":59,"column":21}},"35":{"start":{"line":60,"column":8},"end":{"line":60,"column":11}},"36":{"start":{"line":63,"column":8},"end":{"line":63,"column":16}},"37":{"start":{"line":64,"column":8},"end":{"line":64,"column":8}},"38":{"start":{"line":67,"column":8},"end":{"line":71,"column":7}},"39":{"start":{"line":71,"column":8},"end":{"line":71,"column":36}},"40":{"start":{"line":72,"column":8},"end":{"line":72,"column":64}},"41":{"start":{"line":73,"column":8},"end":{"line":73,"column":38}},"42":{"start":{"line":76,"column":8},"end":{"line":91,"column":3}},"43":{"start":{"line":77,"column":12},"end":{"line":77,"column":28}},"44":{"start":{"line":78,"column":12},"end":{"line":89,"column":11}},"45":{"start":{"line":79,"column":16},"end":{"line":79,"column":57}},"46":{"start":{"line":80,"column":16},"end":{"line":80,"column":57}},"47":{"start":{"line":81,"column":16},"end":{"line":85,"column":16}},"48":{"start":{"line":86,"column":16},"end":{"line":86,"column":53}},"49":{"start":{"line":87,"column":16},"end":{"line":89,"column":11}},"50":{"start":{"line":88,"column":20},"end":{"line":88,"column":34}},"51":{"start":{"line":89,"column":12},"end":{"line":89,"column":51}},"52":{"start":{"line":92,"column":8},"end":{"line":92,"column":22}},"53":{"start":{"line":93,"column":8},"end":{"line":97,"column":7}},"54":{"start":{"line":94,"column":12},"end":{"line":97,"column":7}},"55":{"start":{"line":95,"column":16},"end":{"line":95,"column":28}},"56":{"start":{"line":97,"column":8},"end":{"line":97,"column":20}},"57":{"start":{"line":100,"column":8},"end":{"line":100,"column":23}},"58":{"start":{"line":101,"column":8},"end":{"line":101,"column":23}},"59":{"start":{"line":102,"column":8},"end":{"line":102,"column":23}},"60":{"start":{"line":103,"column":8},"end":{"line":103,"column":23}},"61":{"start":{"line":105,"column":8},"end":{"line":119,"column":7}},"62":{"start":{"line":107,"column":12},"end":{"line":111,"column":11}},"63":{"start":{"line":108,"column":16},"end":{"line":108,"column":29}},"64":{"start":{"line":111,"column":12},"end":{"line":115,"column":11}},"65":{"start":{"line":112,"column":16},"end":{"line":112,"column":28}},"66":{"start":{"line":115,"column":12},"end":{"line":119,"column":7}},"67":{"start":{"line":116,"column":16},"end":{"line":116,"column":27}},"68":{"start":{"line":119,"column":8},"end":{"line":122,"column":3}},"69":{"start":{"line":120,"column":12},"end":{"line":120,"column":22}},"70":{"start":{"line":123,"column":8},"end":{"line":123,"column":90}},"71":{"start":{"line":124,"column":8},"end":{"line":140,"column":3}},"72":{"start":{"line":125,"column":12},"end":{"line":140,"column":3}},"73":{"start":{"line":126,"column":16},"end":{"line":129,"column":16}},"74":{"start":{"line":131,"column":16},"end":{"line":135,"column":16}},"75":{"start":{"line":132,"column":20},"end":{"line":134,"column":49}},"76":{"start":{"line":137,"column":16},"end":{"line":140,"column":3}},"77":{"start":{"line":138,"column":20},"end":{"line":138,"column":35}},"78":{"start":{"line":141,"column":8},"end":{"line":141,"column":31}},"79":{"start":{"line":144,"column":8},"end":{"line":144,"column":19}},"80":{"start":{"line":145,"column":8},"end":{"line":148,"column":7}},"81":{"start":{"line":146,"column":12},"end":{"line":146,"column":22}},"82":{"start":{"line":148,"column":8},"end":{"line":159,"column":7}},"83":{"start":{"line":149,"column":12},"end":{"line":149,"column":25}},"84":{"start":{"line":150,"column":12},"end":{"line":150,"column":32}},"85":{"start":{"line":151,"column":12},"end":{"line":156,"column":11}},"86":{"start":{"line":152,"column":16},"end":{"line":152,"column":27}},"87":{"start":{"line":153,"column":16},"end":{"line":156,"column":11}},"88":{"start":{"line":154,"column":20},"end":{"line":154,"column":38}},"89":{"start":{"line":156,"column":12},"end":{"line":159,"column":7}},"90":{"start":{"line":157,"column":16},"end":{"line":157,"column":32}},"91":{"start":{"line":159,"column":8},"end":{"line":159,"column":21}},"92":{"start":{"line":161,"column":0},"end":{"line":161,"column":31}}},"branchMap":{"1":{"line":50,"type":"if","locations":[{"start":{"line":50,"column":8},"end":{"line":50,"column":8}},{"start":{"line":50,"column":8},"end":{"line":50,"column":8},"skip":true}]},"2":{"line":87,"type":"if","locations":[{"start":{"line":87,"column":16},"end":{"line":87,"column":16}},{"start":{"line":87,"column":16},"end":{"line":87,"column":16}}]},"3":{"line":94,"type":"if","locations":[{"start":{"line":94,"column":12},"end":{"line":94,"column":12}},{"start":{"line":94,"column":12},"end":{"line":94,"column":12}}]},"4":{"line":107,"type":"if","locations":[{"start":{"line":107,"column":12},"end":{"line":107,"column":12}},{"start":{"line":107,"column":12},"end":{"line":107,"column":12}}]},"5":{"line":111,"type":"if","locations":[{"start":{"line":111,"column":12},"end":{"line":111,"column":12}},{"start":{"line":111,"column":12},"end":{"line":111,"column":12}}]},"6":{"line":115,"type":"if","locations":[{"start":{"line":115,"column":12},"end":{"line":115,"column":12}},{"start":{"line":115,"column":12},"end":{"line":115,"column":12}}]},"7":{"line":119,"type":"if","locations":[{"start":{"line":119,"column":8},"end":{"line":119,"column":8}},{"start":{"line":119,"column":8},"end":{"line":119,"column":8}}]},"8":{"line":124,"type":"if","locations":[{"start":{"line":124,"column":8},"end":{"line":124,"column":8}},{"start":{"line":124,"column":8},"end":{"line":124,"column":8}}]},"9":{"line":137,"type":"if","locations":[{"start":{"line":137,"column":16},"end":{"line":137,"column":16}},{"start":{"line":137,"column":16},"end":{"line":137,"column":16}}]},"10":{"line":145,"type":"if","locations":[{"start":{"line":145,"column":8},"end":{"line":145,"column":8}},{"start":{"line":145,"column":8},"end":{"line":145,"column":8}}]},"11":{"line":153,"type":"if","locations":[{"start":{"line":153,"column":16},"end":{"line":153,"column":16}},{"start":{"line":153,"column":16},"end":{"line":153,"column":16}}]},"12":{"line":156,"type":"if","locations":[{"start":{"line":156,"column":12},"end":{"line":156,"column":12}},{"start":{"line":156,"column":12},"end":{"line":156,"column":12}}]}}},"/Users/walterroman/Sandbox/minesweeper-react/Resources/coffee/components/DashboardComponent.coffee":{"path":"/Users/walterroman/Sandbox/minesweeper-react/Resources/coffee/components/DashboardComponent.coffee","s":{"1":1,"2":1,"3":1,"4":1,"5":1,"6":1365,"7":0,"8":0,"9":1},"b":{},"f":{"1":1365,"2":0,"3":0},"fnMap":{"1":{"name":"render","line":11,"loc":{"start":{"line":11,"column":4},"end":{"line":11,"column":13}}},"2":{"name":"onClick","line":16,"loc":{"start":{"line":16,"column":16},"end":{"line":16,"column":26}}},"3":{"name":"onClick","line":29,"loc":{"start":{"line":29,"column":16},"end":{"line":29,"column":26}}}},"statementMap":{"1":{"start":{"line":1,"column":0},"end":{"line":1,"column":22}},"2":{"start":{"line":3,"column":0},"end":{"line":3,"column":54}},"3":{"start":{"line":4,"column":0},"end":{"line":4,"column":54}},"4":{"start":{"line":6,"column":0},"end":{"line":6,"column":12}},"5":{"start":{"line":8,"column":0},"end":{"line":33,"column":0}},"6":{"start":{"line":12,"column":8},"end":{"line":32,"column":8}},"7":{"start":{"line":17,"column":20},"end":{"line":17,"column":48}},"8":{"start":{"line":30,"column":20},"end":{"line":30,"column":53}},"9":{"start":{"line":34,"column":0},"end":{"line":34,"column":25}}},"branchMap":{}},"/Users/walterroman/Sandbox/minesweeper-react/Resources/coffee/components/GameComponent.coffee":{"path":"/Users/walterroman/Sandbox/minesweeper-react/Resources/coffee/components/GameComponent.coffee","s":{"1":1,"2":1,"3":1,"4":1,"5":1,"6":1,"7":1,"8":1,"9":1,"10":1,"11":1,"12":1,"13":1,"14":1,"15":1,"16":1365,"17":1365,"18":1365,"19":1365,"20":1365,"21":1365,"22":1365,"23":1},"b":{},"f":{"1":1,"2":1,"3":1365},"fnMap":{"1":{"name":"getInitialState","line":24,"loc":{"start":{"line":24,"column":4},"end":{"line":24,"column":22}}},"2":{"name":"componentDidMount","line":31,"loc":{"start":{"line":31,"column":4},"end":{"line":31,"column":24}}},"3":{"name":"render","line":35,"loc":{"start":{"line":35,"column":4},"end":{"line":35,"column":13}}}},"statementMap":{"1":{"start":{"line":1,"column":0},"end":{"line":1,"column":22}},"2":{"start":{"line":2,"column":0},"end":{"line":2,"column":24}},"3":{"start":{"line":4,"column":0},"end":{"line":4,"column":47}},"4":{"start":{"line":5,"column":0},"end":{"line":5,"column":49}},"5":{"start":{"line":7,"column":0},"end":{"line":7,"column":54}},"6":{"start":{"line":9,"column":0},"end":{"line":9,"column":49}},"7":{"start":{"line":10,"column":0},"end":{"line":10,"column":47}},"8":{"start":{"line":11,"column":0},"end":{"line":11,"column":57}},"9":{"start":{"line":12,"column":0},"end":{"line":12,"column":70}},"10":{"start":{"line":14,"column":0},"end":{"line":14,"column":31}},"11":{"start":{"line":16,"column":0},"end":{"line":16,"column":12}},"12":{"start":{"line":18,"column":0},"end":{"line":67,"column":0}},"13":{"start":{"line":25,"column":8},"end":{"line":29,"column":17}},"14":{"start":{"line":32,"column":8},"end":{"line":32,"column":25}},"15":{"start":{"line":33,"column":8},"end":{"line":33,"column":26}},"16":{"start":{"line":36,"column":8},"end":{"line":36,"column":20}},"17":{"start":{"line":38,"column":8},"end":{"line":42,"column":7}},"18":{"start":{"line":42,"column":8},"end":{"line":46,"column":7}},"19":{"start":{"line":46,"column":8},"end":{"line":52,"column":8}},"20":{"start":{"line":54,"column":8},"end":{"line":57,"column":7}},"21":{"start":{"line":57,"column":8},"end":{"line":62,"column":7}},"22":{"start":{"line":62,"column":8},"end":{"line":66,"column":8}},"23":{"start":{"line":68,"column":0},"end":{"line":68,"column":20}}},"branchMap":{}},"/Users/walterroman/Sandbox/minesweeper-react/Resources/coffee/components/InfoComponent.coffee":{"path":"/Users/walterroman/Sandbox/minesweeper-react/Resources/coffee/components/InfoComponent.coffee","s":{"1":1,"2":1,"3":1,"4":1365,"5":1365,"6":1365,"7":1},"b":{},"f":{"1":1365},"fnMap":{"1":{"name":"render","line":8,"loc":{"start":{"line":8,"column":4},"end":{"line":8,"column":13}}}},"statementMap":{"1":{"start":{"line":1,"column":0},"end":{"line":1,"column":22}},"2":{"start":{"line":3,"column":0},"end":{"line":3,"column":12}},"3":{"start":{"line":5,"column":0},"end":{"line":19,"column":0}},"4":{"start":{"line":9,"column":8},"end":{"line":9,"column":22}},"5":{"start":{"line":11,"column":8},"end":{"line":16,"column":8}},"6":{"start":{"line":18,"column":8},"end":{"line":18,"column":34}},"7":{"start":{"line":20,"column":0},"end":{"line":20,"column":20}}},"branchMap":{}},"/Users/walterroman/Sandbox/minesweeper-react/Resources/coffee/components/SliderComponent.coffee":{"path":"/Users/walterroman/Sandbox/minesweeper-react/Resources/coffee/components/SliderComponent.coffee","s":{"1":1,"2":1,"3":1,"4":1,"5":3,"6":0,"7":0,"8":4131,"9":4131,"10":1},"b":{},"f":{"1":3,"2":0,"3":4131},"fnMap":{"1":{"name":"getInitialState","line":8,"loc":{"start":{"line":8,"column":4},"end":{"line":8,"column":22}}},"2":{"name":"onChange","line":12,"loc":{"start":{"line":12,"column":4},"end":{"line":12,"column":23}}},"3":{"name":"render","line":19,"loc":{"start":{"line":19,"column":4},"end":{"line":19,"column":13}}}},"statementMap":{"1":{"start":{"line":1,"column":0},"end":{"line":1,"column":22}},"2":{"start":{"line":2,"column":0},"end":{"line":2,"column":55}},"3":{"start":{"line":4,"column":0},"end":{"line":4,"column":58}},"4":{"start":{"line":6,"column":0},"end":{"line":28,"column":0}},"5":{"start":{"line":9,"column":8},"end":{"line":12,"column":3}},"6":{"start":{"line":13,"column":8},"end":{"line":17,"column":7}},"7":{"start":{"line":17,"column":8},"end":{"line":17,"column":48}},"8":{"start":{"line":20,"column":8},"end":{"line":20,"column":48}},"9":{"start":{"line":22,"column":8},"end":{"line":27,"column":27}},"10":{"start":{"line":29,"column":0},"end":{"line":29,"column":31}}},"branchMap":{}},"/Users/walterroman/Sandbox/minesweeper-react/Resources/coffee/components/TileComponent.coffee":{"path":"/Users/walterroman/Sandbox/minesweeper-react/Resources/coffee/components/TileComponent.coffee","s":{"1":1,"2":1,"3":1,"4":1,"5":214340,"6":20,"7":0,"8":20,"9":20,"10":20,"11":12,"12":8,"13":214340,"14":366879,"15":865051,"16":123602,"17":428680,"18":214340,"19":214340,"20":214340,"21":48,"22":214292,"23":61753,"24":152539,"25":83,"26":214340,"27":214340,"28":19145,"29":61801,"30":83,"31":48,"32":2633,"33":1},"b":{"1":[0,20],"2":[12,8],"3":[48,214292],"4":[61753,152539],"5":[83,152456],"6":[19145,195195],"7":[61801,152539],"8":[83,214257],"9":[48,214292],"10":[2633,211707]},"f":{"1":214340,"2":20,"3":214340,"4":366879,"5":865051,"6":123602,"7":428680,"8":214340,"9":214340,"10":214340},"fnMap":{"1":{"name":"render","line":9,"loc":{"start":{"line":9,"column":4},"end":{"line":9,"column":13}}},"2":{"name":"clickHandler","line":15,"loc":{"start":{"line":15,"column":4},"end":{"line":15,"column":28}}},"3":{"name":"isFirstColumn","line":29,"loc":{"start":{"line":29,"column":4},"end":{"line":29,"column":20}}},"4":{"name":"hasBeenFlagged","line":32,"loc":{"start":{"line":32,"column":4},"end":{"line":32,"column":21}}},"5":{"name":"hasBeenCleared","line":36,"loc":{"start":{"line":36,"column":4},"end":{"line":36,"column":21}}},"6":{"name":"hasMine","line":39,"loc":{"start":{"line":39,"column":4},"end":{"line":39,"column":14}}},"7":{"name":"shouldDisplayMine","line":42,"loc":{"start":{"line":42,"column":4},"end":{"line":42,"column":24}}},"8":{"name":"hasZeroAdjacentMines","line":46,"loc":{"start":{"line":46,"column":4},"end":{"line":46,"column":27}}},"9":{"name":"getText","line":51,"loc":{"start":{"line":51,"column":4},"end":{"line":51,"column":14}}},"10":{"name":"getClass","line":63,"loc":{"start":{"line":63,"column":4},"end":{"line":63,"column":15}}}},"statementMap":{"1":{"start":{"line":1,"column":0},"end":{"line":1,"column":54}},"2":{"start":{"line":3,"column":0},"end":{"line":3,"column":22}},"3":{"start":{"line":4,"column":0},"end":{"line":4,"column":12}},"4":{"start":{"line":6,"column":0},"end":{"line":74,"column":0}},"5":{"start":{"line":10,"column":8},"end":{"line":13,"column":33}},"6":{"start":{"line":16,"column":8},"end":{"line":19,"column":7}},"7":{"start":{"line":17,"column":12},"end":{"line":17,"column":62}},"8":{"start":{"line":19,"column":8},"end":{"line":22,"column":8}},"9":{"start":{"line":20,"column":12},"end":{"line":21,"column":32}},"10":{"start":{"line":24,"column":8},"end":{"line":27,"column":62}},"11":{"start":{"line":25,"column":12},"end":{"line":25,"column":67}},"12":{"start":{"line":27,"column":12},"end":{"line":27,"column":62}},"13":{"start":{"line":30,"column":8},"end":{"line":30,"column":31}},"14":{"start":{"line":33,"column":8},"end":{"line":34,"column":42}},"15":{"start":{"line":37,"column":8},"end":{"line":37,"column":40}},"16":{"start":{"line":40,"column":8},"end":{"line":40,"column":39}},"17":{"start":{"line":43,"column":8},"end":{"line":44,"column":17}},"18":{"start":{"line":47,"column":8},"end":{"line":49,"column":24}},"19":{"start":{"line":52,"column":8},"end":{"line":52,"column":16}},"20":{"start":{"line":54,"column":8},"end":{"line":61,"column":7}},"21":{"start":{"line":55,"column":12},"end":{"line":55,"column":21}},"22":{"start":{"line":56,"column":13},"end":{"line":61,"column":7}},"23":{"start":{"line":57,"column":12},"end":{"line":57,"column":49}},"24":{"start":{"line":58,"column":13},"end":{"line":61,"column":7}},"25":{"start":{"line":59,"column":12},"end":{"line":59,"column":21}},"26":{"start":{"line":61,"column":8},"end":{"line":61,"column":11}},"27":{"start":{"line":64,"column":8},"end":{"line":73,"column":18}},"28":{"start":{"line":67,"column":37},"end":{"line":67,"column":41}},"29":{"start":{"line":68,"column":38},"end":{"line":68,"column":44}},"30":{"start":{"line":69,"column":38},"end":{"line":69,"column":46}},"31":{"start":{"line":70,"column":41},"end":{"line":70,"column":46}},"32":{"start":{"line":71,"column":44},"end":{"line":71,"column":49}},"33":{"start":{"line":75,"column":0},"end":{"line":75,"column":20}}},"branchMap":{"1":{"line":16,"type":"if","locations":[{"start":{"line":16,"column":8},"end":{"line":16,"column":8}},{"start":{"line":16,"column":8},"end":{"line":16,"column":8}}]},"2":{"line":24,"type":"if","locations":[{"start":{"line":24,"column":8},"end":{"line":24,"column":8}},{"start":{"line":24,"column":8},"end":{"line":24,"column":8}}]},"3":{"line":54,"type":"if","locations":[{"start":{"line":54,"column":8},"end":{"line":54,"column":8}},{"start":{"line":54,"column":8},"end":{"line":54,"column":8}}]},"4":{"line":56,"type":"if","locations":[{"start":{"line":56,"column":13},"end":{"line":56,"column":13}},{"start":{"line":56,"column":13},"end":{"line":56,"column":13}}]},"5":{"line":58,"type":"if","locations":[{"start":{"line":58,"column":13},"end":{"line":58,"column":13}},{"start":{"line":58,"column":13},"end":{"line":58,"column":13}}]},"6":{"line":67,"type":"if","locations":[{"start":{"line":67,"column":12},"end":{"line":67,"column":12}},{"start":{"line":67,"column":12},"end":{"line":67,"column":12}}]},"7":{"line":68,"type":"if","locations":[{"start":{"line":68,"column":12},"end":{"line":68,"column":12}},{"start":{"line":68,"column":12},"end":{"line":68,"column":12}}]},"8":{"line":69,"type":"if","locations":[{"start":{"line":69,"column":12},"end":{"line":69,"column":12}},{"start":{"line":69,"column":12},"end":{"line":69,"column":12}}]},"9":{"line":70,"type":"if","locations":[{"start":{"line":70,"column":12},"end":{"line":70,"column":12}},{"start":{"line":70,"column":12},"end":{"line":70,"column":12}}]},"10":{"line":71,"type":"if","locations":[{"start":{"line":71,"column":12},"end":{"line":71,"column":12}},{"start":{"line":71,"column":12},"end":{"line":71,"column":12}}]}}},"/Users/walterroman/Sandbox/minesweeper-react/Resources/coffee/components/TilesComponent.coffee":{"path":"/Users/walterroman/Sandbox/minesweeper-react/Resources/coffee/components/TilesComponent.coffee","s":{"1":1,"2":1,"3":1,"4":1,"5":1365,"6":214328,"7":1365,"8":1},"b":{},"f":{"1":1365,"2":214328},"fnMap":{"1":{"name":"render","line":10,"loc":{"start":{"line":10,"column":4},"end":{"line":10,"column":13}}},"2":{"name":"(anonymous_1)","line":11,"loc":{"start":{"line":11,"column":33},"end":{"line":11,"column":48}}}},"statementMap":{"1":{"start":{"line":1,"column":0},"end":{"line":1,"column":22}},"2":{"start":{"line":3,"column":0},"end":{"line":3,"column":47}},"3":{"start":{"line":5,"column":0},"end":{"line":5,"column":12}},"4":{"start":{"line":7,"column":0},"end":{"line":19,"column":0}},"5":{"start":{"line":11,"column":8},"end":{"line":18,"column":7}},"6":{"start":{"line":12,"column":12},"end":{"line":16,"column":12}},"7":{"start":{"line":18,"column":8},"end":{"line":18,"column":29}},"8":{"start":{"line":20,"column":0},"end":{"line":20,"column":21}}},"branchMap":{}},"/Users/walterroman/Sandbox/minesweeper-react/Resources/coffee/components/modals/ModalInstructionsComponent.coffee":{"path":"/Users/walterroman/Sandbox/minesweeper-react/Resources/coffee/components/modals/ModalInstructionsComponent.coffee","s":{"1":1,"2":1,"3":1,"4":1,"5":1365,"6":1365,"7":1353,"8":1365,"9":0,"10":1365,"11":1365,"12":1365,"13":1365,"14":1},"b":{"1":[1353,12]},"f":{"1":1365,"2":0,"3":1365},"fnMap":{"1":{"name":"getClass","line":9,"loc":{"start":{"line":9,"column":4},"end":{"line":9,"column":15}}},"2":{"name":"clickHandler","line":19,"loc":{"start":{"line":19,"column":4},"end":{"line":19,"column":19}}},"3":{"name":"render","line":22,"loc":{"start":{"line":22,"column":4},"end":{"line":22,"column":13}}}},"statementMap":{"1":{"start":{"line":1,"column":0},"end":{"line":1,"column":22}},"2":{"start":{"line":2,"column":0},"end":{"line":2,"column":12}},"3":{"start":{"line":4,"column":0},"end":{"line":4,"column":57}},"4":{"start":{"line":6,"column":0},"end":{"line":97,"column":0}},"5":{"start":{"line":10,"column":8},"end":{"line":12,"column":8}},"6":{"start":{"line":14,"column":8},"end":{"line":17,"column":7}},"7":{"start":{"line":15,"column":12},"end":{"line":15,"column":30}},"8":{"start":{"line":17,"column":8},"end":{"line":17,"column":23}},"9":{"start":{"line":20,"column":8},"end":{"line":20,"column":41}},"10":{"start":{"line":23,"column":8},"end":{"line":57,"column":8}},"11":{"start":{"line":59,"column":8},"end":{"line":79,"column":8}},"12":{"start":{"line":81,"column":8},"end":{"line":89,"column":7}},"13":{"start":{"line":89,"column":8},"end":{"line":96,"column":8}},"14":{"start":{"line":98,"column":0},"end":{"line":98,"column":28}}},"branchMap":{"1":{"line":14,"type":"if","locations":[{"start":{"line":14,"column":8},"end":{"line":14,"column":8}},{"start":{"line":14,"column":8},"end":{"line":14,"column":8}}]}}},"/Users/walterroman/Sandbox/minesweeper-react/Resources/coffee/components/modals/ModalNewGameComponent.coffee":{"path":"/Users/walterroman/Sandbox/minesweeper-react/Resources/coffee/components/modals/ModalNewGameComponent.coffee","s":{"1":1,"2":1,"3":1,"4":1,"5":1,"6":1,"7":1,"8":1,"9":1,"10":1,"11":1377,"12":1377,"13":414,"14":1377,"15":1377,"16":878,"17":499,"18":82,"19":417,"20":43,"21":0,"22":0,"23":1377,"24":1377,"25":1252,"26":1377,"27":1377,"28":1377,"29":1377,"30":1},"b":{"1":[414,963],"2":[878,499],"3":[82,417],"4":[43,374],"5":[1252,125]},"f":{"1":1,"2":1377,"3":1377,"4":0,"5":0,"6":1377,"7":1377},"fnMap":{"1":{"name":"getInitialState","line":17,"loc":{"start":{"line":17,"column":4},"end":{"line":17,"column":22}}},"2":{"name":"getClass","line":28,"loc":{"start":{"line":28,"column":4},"end":{"line":28,"column":15}}},"3":{"name":"getTitleText","line":38,"loc":{"start":{"line":38,"column":4},"end":{"line":38,"column":19}}},"4":{"name":"clickHandlerNewGame","line":46,"loc":{"start":{"line":46,"column":4},"end":{"line":46,"column":26}}},"5":{"name":"clickHandlerExitModal","line":49,"loc":{"start":{"line":49,"column":4},"end":{"line":49,"column":28}}},"6":{"name":"renderButtons","line":52,"loc":{"start":{"line":52,"column":4},"end":{"line":52,"column":20}}},"7":{"name":"render","line":70,"loc":{"start":{"line":70,"column":4},"end":{"line":70,"column":13}}}},"statementMap":{"1":{"start":{"line":1,"column":0},"end":{"line":1,"column":22}},"2":{"start":{"line":2,"column":0},"end":{"line":2,"column":24}},"3":{"start":{"line":3,"column":0},"end":{"line":3,"column":31}},"4":{"start":{"line":5,"column":0},"end":{"line":5,"column":12}},"5":{"start":{"line":7,"column":0},"end":{"line":7,"column":57}},"6":{"start":{"line":8,"column":0},"end":{"line":8,"column":57}},"7":{"start":{"line":9,"column":0},"end":{"line":9,"column":56}},"8":{"start":{"line":10,"column":0},"end":{"line":10,"column":52}},"9":{"start":{"line":12,"column":0},"end":{"line":137,"column":0}},"10":{"start":{"line":18,"column":8},"end":{"line":28,"column":3}},"11":{"start":{"line":29,"column":8},"end":{"line":31,"column":8}},"12":{"start":{"line":33,"column":8},"end":{"line":36,"column":7}},"13":{"start":{"line":34,"column":12},"end":{"line":34,"column":30}},"14":{"start":{"line":36,"column":8},"end":{"line":36,"column":23}},"15":{"start":{"line":39,"column":8},"end":{"line":46,"column":3}},"16":{"start":{"line":40,"column":12},"end":{"line":40,"column":29}},"17":{"start":{"line":41,"column":13},"end":{"line":46,"column":3}},"18":{"start":{"line":42,"column":12},"end":{"line":42,"column":28}},"19":{"start":{"line":43,"column":13},"end":{"line":46,"column":3}},"20":{"start":{"line":44,"column":12},"end":{"line":44,"column":31}},"21":{"start":{"line":47,"column":8},"end":{"line":47,"column":93}},"22":{"start":{"line":50,"column":8},"end":{"line":50,"column":27}},"23":{"start":{"line":53,"column":8},"end":{"line":59,"column":8}},"24":{"start":{"line":61,"column":8},"end":{"line":68,"column":7}},"25":{"start":{"line":62,"column":12},"end":{"line":66,"column":25}},"26":{"start":{"line":68,"column":8},"end":{"line":68,"column":45}},"27":{"start":{"line":71,"column":8},"end":{"line":80,"column":7}},"28":{"start":{"line":80,"column":8},"end":{"line":127,"column":8}},"29":{"start":{"line":129,"column":8},"end":{"line":136,"column":8}},"30":{"start":{"line":138,"column":0},"end":{"line":138,"column":28}}},"branchMap":{"1":{"line":33,"type":"if","locations":[{"start":{"line":33,"column":8},"end":{"line":33,"column":8}},{"start":{"line":33,"column":8},"end":{"line":33,"column":8}}]},"2":{"line":39,"type":"if","locations":[{"start":{"line":39,"column":8},"end":{"line":39,"column":8}},{"start":{"line":39,"column":8},"end":{"line":39,"column":8}}]},"3":{"line":41,"type":"if","locations":[{"start":{"line":41,"column":13},"end":{"line":41,"column":13}},{"start":{"line":41,"column":13},"end":{"line":41,"column":13}}]},"4":{"line":43,"type":"if","locations":[{"start":{"line":43,"column":13},"end":{"line":43,"column":13}},{"start":{"line":43,"column":13},"end":{"line":43,"column":13}}]},"5":{"line":61,"type":"if","locations":[{"start":{"line":61,"column":8},"end":{"line":61,"column":8}},{"start":{"line":61,"column":8},"end":{"line":61,"column":8}}]}}},"/Users/walterroman/Sandbox/minesweeper-react/Resources/coffee/components/modals/ModalOverlayComponent.coffee":{"path":"/Users/walterroman/Sandbox/minesweeper-react/Resources/coffee/components/modals/ModalOverlayComponent.coffee","s":{"1":1,"2":1,"3":1,"4":1,"5":1,"6":1,"7":1365,"8":963,"9":402,"10":12,"11":390,"12":0,"13":0,"14":1365,"15":1365,"16":1365,"17":1365,"18":1365,"19":1},"b":{"1":[963,402],"2":[12,390],"3":[0,0]},"f":{"1":1365,"2":0,"3":1365},"fnMap":{"1":{"name":"getClass","line":12,"loc":{"start":{"line":12,"column":4},"end":{"line":12,"column":15}}},"2":{"name":"resetHandler","line":19,"loc":{"start":{"line":19,"column":4},"end":{"line":19,"column":19}}},"3":{"name":"render","line":26,"loc":{"start":{"line":26,"column":4},"end":{"line":26,"column":13}}}},"statementMap":{"1":{"start":{"line":1,"column":0},"end":{"line":1,"column":22}},"2":{"start":{"line":3,"column":0},"end":{"line":3,"column":57}},"3":{"start":{"line":4,"column":0},"end":{"line":4,"column":68}},"4":{"start":{"line":5,"column":0},"end":{"line":5,"column":58}},"5":{"start":{"line":7,"column":0},"end":{"line":7,"column":12}},"6":{"start":{"line":9,"column":0},"end":{"line":49,"column":0}},"7":{"start":{"line":13,"column":8},"end":{"line":17,"column":7}},"8":{"start":{"line":14,"column":12},"end":{"line":14,"column":20}},"9":{"start":{"line":15,"column":13},"end":{"line":17,"column":7}},"10":{"start":{"line":16,"column":12},"end":{"line":16,"column":20}},"11":{"start":{"line":17,"column":8},"end":{"line":17,"column":20}},"12":{"start":{"line":23,"column":8},"end":{"line":26,"column":3}},"13":{"start":{"line":24,"column":12},"end":{"line":24,"column":31}},"14":{"start":{"line":27,"column":8},"end":{"line":32,"column":14}},"15":{"start":{"line":34,"column":8},"end":{"line":34,"column":29}},"16":{"start":{"line":36,"column":8},"end":{"line":39,"column":8}},"17":{"start":{"line":41,"column":8},"end":{"line":46,"column":8}},"18":{"start":{"line":48,"column":8},"end":{"line":48,"column":29}},"19":{"start":{"line":50,"column":0},"end":{"line":50,"column":28}}},"branchMap":{"1":{"line":13,"type":"if","locations":[{"start":{"line":13,"column":8},"end":{"line":13,"column":8}},{"start":{"line":13,"column":8},"end":{"line":13,"column":8}}]},"2":{"line":15,"type":"if","locations":[{"start":{"line":15,"column":13},"end":{"line":15,"column":13}},{"start":{"line":15,"column":13},"end":{"line":15,"column":13}}]},"3":{"line":23,"type":"if","locations":[{"start":{"line":23,"column":8},"end":{"line":23,"column":8}},{"start":{"line":23,"column":8},"end":{"line":23,"column":8},"skip":true}]}}},"/Users/walterroman/Sandbox/minesweeper-react/Resources/coffee/models/TileModel.coffee":{"path":"/Users/walterroman/Sandbox/minesweeper-react/Resources/coffee/models/TileModel.coffee","s":{"1":1,"2":0,"3":0,"4":1,"5":1,"6":11504,"7":0,"8":11503,"9":11503,"10":11503,"11":23109,"12":23109,"13":11503,"14":12121,"15":36,"16":36,"17":1369,"18":1369,"19":1369},"b":{"1":[0,11503]},"f":{"1":0,"2":1,"3":11504,"4":11503,"5":12121,"6":36,"7":1369},"fnMap":{"1":{"name":"(anonymous_1)","line":1,"loc":{"start":{"line":1,"column":39},"end":{"line":1,"column":48}}},"2":{"name":"TileModel","line":9,"loc":{"start":{"line":9,"column":10},"end":{"line":9,"column":18}}},"3":{"name":"constructor","line":15,"loc":{"start":{"line":15,"column":8},"end":{"line":15,"column":30}}},"4":{"name":"set","line":30,"loc":{"start":{"line":30,"column":8},"end":{"line":30,"column":22}}},"5":{"name":"getAdjacentTiles","line":36,"loc":{"start":{"line":36,"column":8},"end":{"line":36,"column":27}}},"6":{"name":"toggleFlag","line":39,"loc":{"start":{"line":39,"column":8},"end":{"line":39,"column":21}}},"7":{"name":"clear","line":43,"loc":{"start":{"line":43,"column":8},"end":{"line":43,"column":16}}}},"statementMap":{"1":{"start":{"line":1,"column":0},"end":{"line":7,"column":0}},"2":{"start":{"line":2,"column":4},"end":{"line":6,"column":4}},"3":{"start":{"line":3,"column":8},"end":{"line":5,"column":33}},"4":{"start":{"line":8,"column":0},"end":{"line":46,"column":13}},"5":{"start":{"line":10,"column":8},"end":{"line":14,"column":8}},"6":{"start":{"line":16,"column":12},"end":{"line":19,"column":11}},"7":{"start":{"line":17,"column":16},"end":{"line":17,"column":86}},"8":{"start":{"line":19,"column":12},"end":{"line":28,"column":11}},"9":{"start":{"line":28,"column":12},"end":{"line":28,"column":21}},"10":{"start":{"line":31,"column":12},"end":{"line":34,"column":11}},"11":{"start":{"line":32,"column":16},"end":{"line":32,"column":33}},"12":{"start":{"line":33,"column":16},"end":{"line":33,"column":67}},"13":{"start":{"line":34,"column":12},"end":{"line":34,"column":12}},"14":{"start":{"line":37,"column":12},"end":{"line":37,"column":24}},"15":{"start":{"line":40,"column":12},"end":{"line":40,"column":47}},"16":{"start":{"line":41,"column":12},"end":{"line":41,"column":12}},"17":{"start":{"line":44,"column":12},"end":{"line":44,"column":32}},"18":{"start":{"line":45,"column":12},"end":{"line":45,"column":35}},"19":{"start":{"line":46,"column":12},"end":{"line":46,"column":12}}},"branchMap":{"1":{"line":16,"type":"if","locations":[{"start":{"line":16,"column":12},"end":{"line":16,"column":12}},{"start":{"line":16,"column":12},"end":{"line":16,"column":12}}]}}},"/Users/walterroman/Sandbox/minesweeper-react/Resources/coffee/stores/ModalStore.coffee":{"path":"/Users/walterroman/Sandbox/minesweeper-react/Resources/coffee/stores/ModalStore.coffee","s":{"1":1,"2":1,"3":1,"4":1,"5":1,"6":1,"7":1,"8":1,"9":113,"10":68,"11":49,"12":1,"13":2,"14":2,"15":1,"16":1,"17":109,"18":62,"19":47,"20":109,"21":113,"22":1,"23":1},"b":{"1":[62,47]},"f":{"1":113,"2":68,"3":49,"4":2,"5":1,"6":109,"7":113},"fnMap":{"1":{"name":"getAll","line":14,"loc":{"start":{"line":14,"column":4},"end":{"line":14,"column":13}}},"2":{"name":"reset","line":17,"loc":{"start":{"line":17,"column":4},"end":{"line":17,"column":12}}},"3":{"name":"toggle","line":20,"loc":{"start":{"line":20,"column":4},"end":{"line":20,"column":25}}},"4":{"name":"onToggle","line":30,"loc":{"start":{"line":30,"column":4},"end":{"line":30,"column":22}}},"5":{"name":"onReset","line":34,"loc":{"start":{"line":34,"column":4},"end":{"line":34,"column":14}}},"6":{"name":"onChange","line":38,"loc":{"start":{"line":38,"column":4},"end":{"line":38,"column":22}}},"7":{"name":"update","line":45,"loc":{"start":{"line":45,"column":4},"end":{"line":45,"column":13}}}},"statementMap":{"1":{"start":{"line":1,"column":0},"end":{"line":1,"column":24}},"2":{"start":{"line":2,"column":0},"end":{"line":2,"column":31}},"3":{"start":{"line":4,"column":0},"end":{"line":4,"column":54}},"4":{"start":{"line":5,"column":0},"end":{"line":5,"column":66}},"5":{"start":{"line":7,"column":0},"end":{"line":7,"column":30}},"6":{"start":{"line":8,"column":0},"end":{"line":8,"column":19}},"7":{"start":{"line":9,"column":0},"end":{"line":9,"column":24}},"8":{"start":{"line":11,"column":0},"end":{"line":23,"column":0}},"9":{"start":{"line":15,"column":8},"end":{"line":15,"column":26}},"10":{"start":{"line":18,"column":8},"end":{"line":18,"column":21}},"11":{"start":{"line":21,"column":8},"end":{"line":21,"column":30}},"12":{"start":{"line":24,"column":0},"end":{"line":47,"column":0}},"13":{"start":{"line":31,"column":8},"end":{"line":31,"column":29}},"14":{"start":{"line":32,"column":8},"end":{"line":32,"column":16}},"15":{"start":{"line":35,"column":8},"end":{"line":35,"column":18}},"16":{"start":{"line":36,"column":8},"end":{"line":36,"column":16}},"17":{"start":{"line":39,"column":8},"end":{"line":42,"column":33}},"18":{"start":{"line":40,"column":12},"end":{"line":40,"column":29}},"19":{"start":{"line":42,"column":12},"end":{"line":42,"column":33}},"20":{"start":{"line":43,"column":8},"end":{"line":43,"column":16}},"21":{"start":{"line":46,"column":8},"end":{"line":46,"column":25}},"22":{"start":{"line":48,"column":0},"end":{"line":48,"column":57}},"23":{"start":{"line":50,"column":0},"end":{"line":50,"column":26}}},"branchMap":{"1":{"line":39,"type":"if","locations":[{"start":{"line":39,"column":8},"end":{"line":39,"column":8}},{"start":{"line":39,"column":8},"end":{"line":39,"column":8}}]}}},"/Users/walterroman/Sandbox/minesweeper-react/Resources/coffee/stores/NewGameStore.coffee":{"path":"/Users/walterroman/Sandbox/minesweeper-react/Resources/coffee/stores/NewGameStore.coffee","s":{"1":1,"2":1,"3":1,"4":1,"5":9,"6":9,"7":9,"8":9,"9":9,"10":9,"11":9,"12":9,"13":9,"14":1,"15":1,"16":13,"17":12,"18":12,"19":8,"20":12,"21":1,"22":12,"23":1,"24":1},"b":{"1":[9,0],"2":[12,1],"3":[8,4]},"f":{"1":9,"2":13,"3":12},"fnMap":{"1":{"name":"setMineVals","line":16,"loc":{"start":{"line":16,"column":4},"end":{"line":16,"column":18}}},"2":{"name":"onChange","line":43,"loc":{"start":{"line":43,"column":4},"end":{"line":43,"column":26}}},"3":{"name":"update","line":54,"loc":{"start":{"line":54,"column":4},"end":{"line":54,"column":13}}}},"statementMap":{"1":{"start":{"line":1,"column":0},"end":{"line":1,"column":24}},"2":{"start":{"line":2,"column":0},"end":{"line":2,"column":31}},"3":{"start":{"line":3,"column":0},"end":{"line":3,"column":58}},"4":{"start":{"line":5,"column":0},"end":{"line":34,"column":0}},"5":{"start":{"line":17,"column":8},"end":{"line":17,"column":35}},"6":{"start":{"line":18,"column":8},"end":{"line":18,"column":63}},"7":{"start":{"line":19,"column":8},"end":{"line":19,"column":63}},"8":{"start":{"line":20,"column":8},"end":{"line":20,"column":63}},"9":{"start":{"line":22,"column":8},"end":{"line":22,"column":31}},"10":{"start":{"line":23,"column":8},"end":{"line":23,"column":31}},"11":{"start":{"line":28,"column":8},"end":{"line":34,"column":0}},"12":{"start":{"line":29,"column":12},"end":{"line":31,"column":41}},"13":{"start":{"line":33,"column":12},"end":{"line":33,"column":37}},"14":{"start":{"line":35,"column":0},"end":{"line":35,"column":18}},"15":{"start":{"line":37,"column":0},"end":{"line":56,"column":0}},"16":{"start":{"line":44,"column":8},"end":{"line":52,"column":71}},"17":{"start":{"line":45,"column":12},"end":{"line":45,"column":33}},"18":{"start":{"line":48,"column":12},"end":{"line":50,"column":11}},"19":{"start":{"line":49,"column":16},"end":{"line":49,"column":29}},"20":{"start":{"line":50,"column":12},"end":{"line":50,"column":20}},"21":{"start":{"line":52,"column":12},"end":{"line":52,"column":71}},"22":{"start":{"line":55,"column":8},"end":{"line":55,"column":21}},"23":{"start":{"line":57,"column":0},"end":{"line":57,"column":59}},"24":{"start":{"line":59,"column":0},"end":{"line":59,"column":28}}},"branchMap":{"1":{"line":28,"type":"if","locations":[{"start":{"line":28,"column":8},"end":{"line":28,"column":8}},{"start":{"line":28,"column":8},"end":{"line":28,"column":8},"skip":true}]},"2":{"line":44,"type":"if","locations":[{"start":{"line":44,"column":8},"end":{"line":44,"column":8}},{"start":{"line":44,"column":8},"end":{"line":44,"column":8}}]},"3":{"line":48,"type":"if","locations":[{"start":{"line":48,"column":12},"end":{"line":48,"column":12}},{"start":{"line":48,"column":12},"end":{"line":48,"column":12}}]}}},"/Users/walterroman/Sandbox/minesweeper-react/Resources/coffee/stores/TileStore.coffee":{"path":"/Users/walterroman/Sandbox/minesweeper-react/Resources/coffee/stores/TileStore.coffee","s":{"1":1,"2":1,"3":1,"4":1,"5":1,"6":1,"7":1,"8":1,"9":0,"10":0,"11":0,"12":0,"13":0,"14":0,"15":0,"16":1,"17":1,"18":1,"19":386,"20":1317,"21":1312,"22":1573,"23":60,"24":1,"25":1573,"26":1573,"27":825,"28":825,"29":825,"30":748,"31":60,"32":60,"33":60,"34":37,"35":37,"36":28,"37":344,"38":344,"39":344,"40":338,"41":1252,"42":1252,"43":1252,"44":1252,"45":45,"46":1252,"47":0,"48":1,"49":1},"b":{"1":[0,1],"2":[0,0],"3":[0,0],"4":[1,0],"5":[825,748],"6":[45,1207],"7":[0,1252]},"f":{"1":386,"2":1317,"3":1312,"4":1573,"5":60,"6":1573,"7":60,"8":37,"9":344,"10":1252},"fnMap":{"1":{"name":"get","line":36,"loc":{"start":{"line":36,"column":4},"end":{"line":36,"column":18}}},"2":{"name":"getAll","line":39,"loc":{"start":{"line":39,"column":4},"end":{"line":39,"column":21}}},"3":{"name":"getInfo","line":42,"loc":{"start":{"line":42,"column":4},"end":{"line":42,"column":14}}},"4":{"name":"randomSafeTile","line":51,"loc":{"start":{"line":51,"column":4},"end":{"line":51,"column":21}}},"5":{"name":"newGame","line":54,"loc":{"start":{"line":54,"column":4},"end":{"line":54,"column":28}}},"6":{"name":"onClearSafeRandomTile","line":64,"loc":{"start":{"line":64,"column":4},"end":{"line":64,"column":28}}},"7":{"name":"onNewGame","line":73,"loc":{"start":{"line":73,"column":4},"end":{"line":73,"column":30}}},"8":{"name":"onTileToggleFlag","line":78,"loc":{"start":{"line":78,"column":4},"end":{"line":78,"column":29}}},"9":{"name":"onTileClear","line":83,"loc":{"start":{"line":83,"column":4},"end":{"line":83,"column":24}}},"10":{"name":"update","line":89,"loc":{"start":{"line":89,"column":4},"end":{"line":89,"column":13}}}},"statementMap":{"1":{"start":{"line":2,"column":0},"end":{"line":2,"column":24}},"2":{"start":{"line":3,"column":0},"end":{"line":3,"column":31}},"3":{"start":{"line":5,"column":0},"end":{"line":5,"column":54}},"4":{"start":{"line":6,"column":0},"end":{"line":6,"column":54}},"5":{"start":{"line":8,"column":0},"end":{"line":8,"column":64}},"6":{"start":{"line":11,"column":0},"end":{"line":11,"column":28}},"7":{"start":{"line":12,"column":0},"end":{"line":15,"column":0}},"8":{"start":{"line":16,"column":0},"end":{"line":26,"column":72}},"9":{"start":{"line":17,"column":4},"end":{"line":17,"column":59}},"10":{"start":{"line":18,"column":4},"end":{"line":18,"column":75}},"11":{"start":{"line":20,"column":4},"end":{"line":26,"column":72}},"12":{"start":{"line":21,"column":8},"end":{"line":21,"column":54}},"13":{"start":{"line":22,"column":8},"end":{"line":26,"column":72}},"14":{"start":{"line":23,"column":12},"end":{"line":23,"column":41}},"15":{"start":{"line":24,"column":12},"end":{"line":24,"column":37}},"16":{"start":{"line":28,"column":0},"end":{"line":31,"column":26}},"17":{"start":{"line":29,"column":4},"end":{"line":29,"column":27}},"18":{"start":{"line":32,"column":0},"end":{"line":57,"column":21}},"19":{"start":{"line":37,"column":8},"end":{"line":37,"column":22}},"20":{"start":{"line":40,"column":8},"end":{"line":40,"column":32}},"21":{"start":{"line":43,"column":8},"end":{"line":51,"column":3}},"22":{"start":{"line":52,"column":8},"end":{"line":52,"column":29}},"23":{"start":{"line":55,"column":8},"end":{"line":55,"column":32}},"24":{"start":{"line":58,"column":0},"end":{"line":100,"column":0}},"25":{"start":{"line":65,"column":8},"end":{"line":65,"column":31}},"26":{"start":{"line":66,"column":8},"end":{"line":71,"column":22}},"27":{"start":{"line":67,"column":12},"end":{"line":67,"column":23}},"28":{"start":{"line":68,"column":12},"end":{"line":68,"column":20}},"29":{"start":{"line":69,"column":12},"end":{"line":69,"column":22}},"30":{"start":{"line":71,"column":12},"end":{"line":71,"column":22}},"31":{"start":{"line":74,"column":8},"end":{"line":74,"column":27}},"32":{"start":{"line":75,"column":8},"end":{"line":75,"column":28}},"33":{"start":{"line":76,"column":8},"end":{"line":76,"column":16}},"34":{"start":{"line":79,"column":8},"end":{"line":79,"column":27}},"35":{"start":{"line":80,"column":8},"end":{"line":80,"column":24}},"36":{"start":{"line":81,"column":8},"end":{"line":81,"column":16}},"37":{"start":{"line":84,"column":8},"end":{"line":84,"column":23}},"38":{"start":{"line":85,"column":8},"end":{"line":85,"column":24}},"39":{"start":{"line":86,"column":8},"end":{"line":86,"column":19}},"40":{"start":{"line":87,"column":8},"end":{"line":87,"column":16}},"41":{"start":{"line":90,"column":8},"end":{"line":90,"column":22}},"42":{"start":{"line":91,"column":8},"end":{"line":91,"column":24}},"43":{"start":{"line":92,"column":8},"end":{"line":95,"column":7}},"44":{"start":{"line":95,"column":8},"end":{"line":98,"column":7}},"45":{"start":{"line":96,"column":12},"end":{"line":96,"column":40}},"46":{"start":{"line":98,"column":8},"end":{"line":100,"column":0}},"47":{"start":{"line":99,"column":12},"end":{"line":99,"column":66}},"48":{"start":{"line":101,"column":0},"end":{"line":101,"column":56}},"49":{"start":{"line":103,"column":0},"end":{"line":103,"column":25}}},"branchMap":{"1":{"line":16,"type":"if","locations":[{"start":{"line":16,"column":0},"end":{"line":16,"column":0}},{"start":{"line":16,"column":0},"end":{"line":16,"column":0}}]},"2":{"line":20,"type":"if","locations":[{"start":{"line":20,"column":4},"end":{"line":20,"column":4}},{"start":{"line":20,"column":4},"end":{"line":20,"column":4}}]},"3":{"line":22,"type":"if","locations":[{"start":{"line":22,"column":8},"end":{"line":22,"column":8}},{"start":{"line":22,"column":8},"end":{"line":22,"column":8}}]},"4":{"line":28,"type":"if","locations":[{"start":{"line":28,"column":0},"end":{"line":28,"column":0}},{"start":{"line":28,"column":0},"end":{"line":28,"column":0},"skip":true}]},"5":{"line":66,"type":"if","locations":[{"start":{"line":66,"column":8},"end":{"line":66,"column":8}},{"start":{"line":66,"column":8},"end":{"line":66,"column":8}}]},"6":{"line":95,"type":"if","locations":[{"start":{"line":95,"column":8},"end":{"line":95,"column":8}},{"start":{"line":95,"column":8},"end":{"line":95,"column":8}}]},"7":{"line":98,"type":"if","locations":[{"start":{"line":98,"column":8},"end":{"line":98,"column":8}},{"start":{"line":98,"column":8},"end":{"line":98,"column":8}}]}}}}