{"/Users/walterroman/Sandbox/minesweeper-react/Resources/coffee/actions/ModalActions.coffee":{"path":"/Users/walterroman/Sandbox/minesweeper-react/Resources/coffee/actions/ModalActions.coffee","s":{"1":1,"2":1},"b":{},"f":{},"fnMap":{},"statementMap":{"1":{"start":{"line":1,"column":0},"end":{"line":1,"column":24}},"2":{"start":{"line":3,"column":0},"end":{"line":7,"column":0}}},"branchMap":{}},"/Users/walterroman/Sandbox/minesweeper-react/Resources/coffee/actions/NewGameActions.coffee":{"path":"/Users/walterroman/Sandbox/minesweeper-react/Resources/coffee/actions/NewGameActions.coffee","s":{"1":1,"2":1},"b":{},"f":{},"fnMap":{},"statementMap":{"1":{"start":{"line":1,"column":0},"end":{"line":1,"column":24}},"2":{"start":{"line":3,"column":0},"end":{"line":5,"column":0}}},"branchMap":{}},"/Users/walterroman/Sandbox/minesweeper-react/Resources/coffee/actions/TilesActions.coffee":{"path":"/Users/walterroman/Sandbox/minesweeper-react/Resources/coffee/actions/TilesActions.coffee","s":{"1":1,"2":1},"b":{},"f":{},"fnMap":{},"statementMap":{"1":{"start":{"line":1,"column":0},"end":{"line":1,"column":24}},"2":{"start":{"line":3,"column":0},"end":{"line":8,"column":0}}},"branchMap":{}},"/Users/walterroman/Sandbox/minesweeper-react/Resources/coffee/app.coffee":{"path":"/Users/walterroman/Sandbox/minesweeper-react/Resources/coffee/app.coffee","s":{"1":1,"2":1,"3":1,"4":1},"b":{},"f":{},"fnMap":{},"statementMap":{"1":{"start":{"line":1,"column":0},"end":{"line":1,"column":29}},"2":{"start":{"line":3,"column":0},"end":{"line":3,"column":58}},"3":{"start":{"line":5,"column":0},"end":{"line":5,"column":64}},"4":{"start":{"line":7,"column":0},"end":{"line":10,"column":0}}},"branchMap":{}},"/Users/walterroman/Sandbox/minesweeper-react/Resources/coffee/collections/ModalsCollection.coffee":{"path":"/Users/walterroman/Sandbox/minesweeper-react/Resources/coffee/collections/ModalsCollection.coffee","s":{"1":1,"2":4,"3":11,"4":11,"5":50,"6":50,"7":103,"8":50,"9":119,"10":242,"11":119,"12":1},"b":{"1":[50,53]},"f":{"1":1,"2":4,"3":11,"4":50,"5":119},"fnMap":{"1":{"name":"ModalsCollection","line":1,"loc":{"start":{"line":1,"column":6},"end":{"line":1,"column":21}}},"2":{"name":"constructor","line":2,"loc":{"start":{"line":2,"column":4},"end":{"line":2,"column":18}}},"3":{"name":"set","line":5,"loc":{"start":{"line":5,"column":4},"end":{"line":5,"column":18}}},"4":{"name":"toggle","line":9,"loc":{"start":{"line":9,"column":4},"end":{"line":9,"column":21}}},"5":{"name":"reset","line":15,"loc":{"start":{"line":15,"column":4},"end":{"line":15,"column":13}}}},"statementMap":{"1":{"start":{"line":1,"column":0},"end":{"line":19,"column":0}},"2":{"start":{"line":3,"column":8},"end":{"line":3,"column":17}},"3":{"start":{"line":6,"column":8},"end":{"line":6,"column":30}},"4":{"start":{"line":7,"column":8},"end":{"line":7,"column":8}},"5":{"start":{"line":10,"column":8},"end":{"line":10,"column":15}},"6":{"start":{"line":11,"column":8},"end":{"line":15,"column":3}},"7":{"start":{"line":12,"column":12},"end":{"line":15,"column":3}},"8":{"start":{"line":13,"column":16},"end":{"line":13,"column":47}},"9":{"start":{"line":16,"column":8},"end":{"line":18,"column":7}},"10":{"start":{"line":17,"column":12},"end":{"line":17,"column":33}},"11":{"start":{"line":18,"column":8},"end":{"line":18,"column":8}},"12":{"start":{"line":20,"column":0},"end":{"line":20,"column":32}}},"branchMap":{"1":{"line":12,"type":"if","locations":[{"start":{"line":12,"column":12},"end":{"line":12,"column":12}},{"start":{"line":12,"column":12},"end":{"line":12,"column":12}}]}}},"/Users/walterroman/Sandbox/minesweeper-react/Resources/coffee/collections/TilesCollection.coffee":{"path":"/Users/walterroman/Sandbox/minesweeper-react/Resources/coffee/collections/TilesCollection.coffee","s":{"1":1,"2":1,"3":61,"4":61,"5":61,"6":1366,"7":1366,"8":1366,"9":28,"10":28,"11":116,"12":116,"13":116,"14":116,"15":116,"16":1160,"17":11968,"18":11968,"19":116,"20":4855,"21":4855,"22":116,"23":116,"24":0,"25":0,"26":0,"27":0,"28":10,"29":10,"30":10,"31":10,"32":10,"33":11973,"34":11973,"35":11973,"36":121,"37":121,"38":6443,"39":6443,"40":6443,"41":6443,"42":126,"43":13000,"44":13000,"45":104000,"46":104000,"47":104000,"48":104000,"49":104000,"50":36943,"51":13000,"52":116,"53":116,"54":11968,"55":4855,"56":116,"57":1510,"58":1510,"59":1510,"60":1510,"61":1510,"62":238685,"63":64370,"64":238685,"65":57,"66":238685,"67":59,"68":1510,"69":32,"70":1371,"71":1371,"72":113,"73":904,"74":904,"75":904,"76":904,"77":211,"78":105305,"79":113107,"80":113107,"81":1304,"82":111803,"83":19171330,"84":19171330,"85":19171330,"86":56175665,"87":56175665,"88":11735075,"89":19171330,"90":756897,"91":111803,"92":1},"b":{"1":[10,0],"2":[36943,67057],"3":[4855,7113],"4":[64370,174315],"5":[57,238628],"6":[59,238626],"7":[32,1478],"8":[113,1258],"9":[211,693],"10":[1304,111803],"11":[11735075,44440590],"12":[756897,18414433]},"f":{"1":1,"2":61,"3":61,"4":1366,"5":28,"6":116,"7":0,"8":10,"9":11973,"10":121,"11":6443,"12":126,"13":116,"14":1510,"15":1371,"16":105305,"17":113107},"fnMap":{"1":{"name":"TilesCollection","line":3,"loc":{"start":{"line":3,"column":6},"end":{"line":3,"column":20}}},"2":{"name":"constructor","line":4,"loc":{"start":{"line":4,"column":4},"end":{"line":4,"column":18}}},"3":{"name":"Model","line":9,"loc":{"start":{"line":9,"column":23},"end":{"line":9,"column":27}}},"4":{"name":"clear","line":10,"loc":{"start":{"line":10,"column":12},"end":{"line":10,"column":20}}},"5":{"name":"toggleFlag","line":15,"loc":{"start":{"line":15,"column":12},"end":{"line":15,"column":25}}},"6":{"name":"newGame","line":19,"loc":{"start":{"line":19,"column":4},"end":{"line":19,"column":28}}},"7":{"name":"loadGame","line":40,"loc":{"start":{"line":40,"column":4},"end":{"line":40,"column":28}}},"8":{"name":"noMineFirstClick","line":48,"loc":{"start":{"line":48,"column":4},"end":{"line":48,"column":30}}},"9":{"name":"add","line":56,"loc":{"start":{"line":56,"column":4},"end":{"line":56,"column":18}}},"10":{"name":"reset","line":61,"loc":{"start":{"line":61,"column":4},"end":{"line":61,"column":12}}},"11":{"name":"randomSafeTile","line":65,"loc":{"start":{"line":65,"column":4},"end":{"line":65,"column":22}}},"12":{"name":"tallyMines","line":74,"loc":{"start":{"line":74,"column":4},"end":{"line":74,"column":18}}},"13":{"name":"gameUpdate","line":90,"loc":{"start":{"line":90,"column":4},"end":{"line":90,"column":18}}},"14":{"name":"moveUpdate","line":98,"loc":{"start":{"line":98,"column":4},"end":{"line":98,"column":18}}},"15":{"name":"clearNeighbors","line":121,"loc":{"start":{"line":121,"column":4},"end":{"line":121,"column":29}}},"16":{"name":"get","line":139,"loc":{"start":{"line":139,"column":4},"end":{"line":139,"column":19}}},"17":{"name":"getAll","line":142,"loc":{"start":{"line":142,"column":4},"end":{"line":142,"column":22}}}},"statementMap":{"1":{"start":{"line":1,"column":0},"end":{"line":1,"column":47}},"2":{"start":{"line":3,"column":0},"end":{"line":159,"column":0}},"3":{"start":{"line":5,"column":8},"end":{"line":5,"column":16}},"4":{"start":{"line":7,"column":8},"end":{"line":7,"column":21}},"5":{"start":{"line":9,"column":8},"end":{"line":19,"column":3}},"6":{"start":{"line":11,"column":16},"end":{"line":11,"column":22}},"7":{"start":{"line":12,"column":16},"end":{"line":12,"column":42}},"8":{"start":{"line":13,"column":16},"end":{"line":13,"column":38}},"9":{"start":{"line":16,"column":16},"end":{"line":16,"column":22}},"10":{"start":{"line":17,"column":16},"end":{"line":17,"column":38}},"11":{"start":{"line":20,"column":8},"end":{"line":20,"column":15}},"12":{"start":{"line":21,"column":8},"end":{"line":21,"column":13}},"13":{"start":{"line":22,"column":8},"end":{"line":22,"column":13}},"14":{"start":{"line":23,"column":8},"end":{"line":23,"column":26}},"15":{"start":{"line":25,"column":8},"end":{"line":33,"column":7}},"16":{"start":{"line":26,"column":12},"end":{"line":33,"column":7}},"17":{"start":{"line":27,"column":16},"end":{"line":30,"column":16}},"18":{"start":{"line":31,"column":16},"end":{"line":31,"column":25}},"19":{"start":{"line":33,"column":8},"end":{"line":37,"column":7}},"20":{"start":{"line":34,"column":12},"end":{"line":34,"column":35}},"21":{"start":{"line":35,"column":12},"end":{"line":35,"column":35}},"22":{"start":{"line":37,"column":8},"end":{"line":37,"column":20}},"23":{"start":{"line":38,"column":8},"end":{"line":38,"column":20}},"24":{"start":{"line":41,"column":8},"end":{"line":41,"column":15}},"25":{"start":{"line":42,"column":8},"end":{"line":44,"column":7}},"26":{"start":{"line":43,"column":12},"end":{"line":43,"column":26}},"27":{"start":{"line":44,"column":8},"end":{"line":44,"column":20}},"28":{"start":{"line":49,"column":8},"end":{"line":54,"column":7}},"29":{"start":{"line":50,"column":12},"end":{"line":50,"column":36}},"30":{"start":{"line":51,"column":12},"end":{"line":51,"column":48}},"31":{"start":{"line":52,"column":12},"end":{"line":52,"column":24}},"32":{"start":{"line":54,"column":8},"end":{"line":54,"column":18}},"33":{"start":{"line":57,"column":8},"end":{"line":57,"column":30}},"34":{"start":{"line":58,"column":8},"end":{"line":58,"column":21}},"35":{"start":{"line":59,"column":8},"end":{"line":59,"column":11}},"36":{"start":{"line":62,"column":8},"end":{"line":62,"column":16}},"37":{"start":{"line":63,"column":8},"end":{"line":63,"column":8}},"38":{"start":{"line":66,"column":8},"end":{"line":70,"column":7}},"39":{"start":{"line":70,"column":8},"end":{"line":70,"column":36}},"40":{"start":{"line":71,"column":8},"end":{"line":71,"column":64}},"41":{"start":{"line":72,"column":8},"end":{"line":72,"column":38}},"42":{"start":{"line":75,"column":8},"end":{"line":90,"column":3}},"43":{"start":{"line":76,"column":12},"end":{"line":76,"column":28}},"44":{"start":{"line":77,"column":12},"end":{"line":88,"column":11}},"45":{"start":{"line":78,"column":16},"end":{"line":78,"column":57}},"46":{"start":{"line":79,"column":16},"end":{"line":79,"column":57}},"47":{"start":{"line":80,"column":16},"end":{"line":84,"column":16}},"48":{"start":{"line":85,"column":16},"end":{"line":85,"column":53}},"49":{"start":{"line":86,"column":16},"end":{"line":88,"column":11}},"50":{"start":{"line":87,"column":20},"end":{"line":87,"column":34}},"51":{"start":{"line":88,"column":12},"end":{"line":88,"column":51}},"52":{"start":{"line":91,"column":8},"end":{"line":91,"column":22}},"53":{"start":{"line":92,"column":8},"end":{"line":96,"column":7}},"54":{"start":{"line":93,"column":12},"end":{"line":96,"column":7}},"55":{"start":{"line":94,"column":16},"end":{"line":94,"column":28}},"56":{"start":{"line":96,"column":8},"end":{"line":96,"column":20}},"57":{"start":{"line":99,"column":8},"end":{"line":99,"column":23}},"58":{"start":{"line":100,"column":8},"end":{"line":100,"column":23}},"59":{"start":{"line":101,"column":8},"end":{"line":101,"column":23}},"60":{"start":{"line":102,"column":8},"end":{"line":102,"column":23}},"61":{"start":{"line":104,"column":8},"end":{"line":118,"column":7}},"62":{"start":{"line":106,"column":12},"end":{"line":110,"column":11}},"63":{"start":{"line":107,"column":16},"end":{"line":107,"column":29}},"64":{"start":{"line":110,"column":12},"end":{"line":114,"column":11}},"65":{"start":{"line":111,"column":16},"end":{"line":111,"column":28}},"66":{"start":{"line":114,"column":12},"end":{"line":118,"column":7}},"67":{"start":{"line":115,"column":16},"end":{"line":115,"column":27}},"68":{"start":{"line":118,"column":8},"end":{"line":121,"column":3}},"69":{"start":{"line":119,"column":12},"end":{"line":119,"column":22}},"70":{"start":{"line":122,"column":8},"end":{"line":122,"column":90}},"71":{"start":{"line":123,"column":8},"end":{"line":139,"column":3}},"72":{"start":{"line":124,"column":12},"end":{"line":139,"column":3}},"73":{"start":{"line":125,"column":16},"end":{"line":128,"column":16}},"74":{"start":{"line":130,"column":16},"end":{"line":134,"column":16}},"75":{"start":{"line":131,"column":20},"end":{"line":133,"column":49}},"76":{"start":{"line":136,"column":16},"end":{"line":139,"column":3}},"77":{"start":{"line":137,"column":20},"end":{"line":137,"column":35}},"78":{"start":{"line":140,"column":8},"end":{"line":140,"column":31}},"79":{"start":{"line":143,"column":8},"end":{"line":143,"column":19}},"80":{"start":{"line":144,"column":8},"end":{"line":147,"column":7}},"81":{"start":{"line":145,"column":12},"end":{"line":145,"column":22}},"82":{"start":{"line":147,"column":8},"end":{"line":158,"column":7}},"83":{"start":{"line":148,"column":12},"end":{"line":148,"column":25}},"84":{"start":{"line":149,"column":12},"end":{"line":149,"column":32}},"85":{"start":{"line":150,"column":12},"end":{"line":155,"column":11}},"86":{"start":{"line":151,"column":16},"end":{"line":151,"column":27}},"87":{"start":{"line":152,"column":16},"end":{"line":155,"column":11}},"88":{"start":{"line":153,"column":20},"end":{"line":153,"column":38}},"89":{"start":{"line":155,"column":12},"end":{"line":158,"column":7}},"90":{"start":{"line":156,"column":16},"end":{"line":156,"column":32}},"91":{"start":{"line":158,"column":8},"end":{"line":158,"column":21}},"92":{"start":{"line":160,"column":0},"end":{"line":160,"column":31}}},"branchMap":{"1":{"line":49,"type":"if","locations":[{"start":{"line":49,"column":8},"end":{"line":49,"column":8}},{"start":{"line":49,"column":8},"end":{"line":49,"column":8}}]},"2":{"line":86,"type":"if","locations":[{"start":{"line":86,"column":16},"end":{"line":86,"column":16}},{"start":{"line":86,"column":16},"end":{"line":86,"column":16}}]},"3":{"line":93,"type":"if","locations":[{"start":{"line":93,"column":12},"end":{"line":93,"column":12}},{"start":{"line":93,"column":12},"end":{"line":93,"column":12}}]},"4":{"line":106,"type":"if","locations":[{"start":{"line":106,"column":12},"end":{"line":106,"column":12}},{"start":{"line":106,"column":12},"end":{"line":106,"column":12}}]},"5":{"line":110,"type":"if","locations":[{"start":{"line":110,"column":12},"end":{"line":110,"column":12}},{"start":{"line":110,"column":12},"end":{"line":110,"column":12}}]},"6":{"line":114,"type":"if","locations":[{"start":{"line":114,"column":12},"end":{"line":114,"column":12}},{"start":{"line":114,"column":12},"end":{"line":114,"column":12}}]},"7":{"line":118,"type":"if","locations":[{"start":{"line":118,"column":8},"end":{"line":118,"column":8}},{"start":{"line":118,"column":8},"end":{"line":118,"column":8}}]},"8":{"line":123,"type":"if","locations":[{"start":{"line":123,"column":8},"end":{"line":123,"column":8}},{"start":{"line":123,"column":8},"end":{"line":123,"column":8}}]},"9":{"line":136,"type":"if","locations":[{"start":{"line":136,"column":16},"end":{"line":136,"column":16}},{"start":{"line":136,"column":16},"end":{"line":136,"column":16}}]},"10":{"line":144,"type":"if","locations":[{"start":{"line":144,"column":8},"end":{"line":144,"column":8}},{"start":{"line":144,"column":8},"end":{"line":144,"column":8}}]},"11":{"line":152,"type":"if","locations":[{"start":{"line":152,"column":16},"end":{"line":152,"column":16}},{"start":{"line":152,"column":16},"end":{"line":152,"column":16}}]},"12":{"line":155,"type":"if","locations":[{"start":{"line":155,"column":12},"end":{"line":155,"column":12}},{"start":{"line":155,"column":12},"end":{"line":155,"column":12}}]}}},"/Users/walterroman/Sandbox/minesweeper-react/Resources/coffee/components/DashboardComponent.coffee":{"path":"/Users/walterroman/Sandbox/minesweeper-react/Resources/coffee/components/DashboardComponent.coffee","s":{"1":1,"2":1,"3":1,"4":1,"5":1,"6":1355,"7":0,"8":0,"9":1},"b":{},"f":{"1":1355,"2":0,"3":0},"fnMap":{"1":{"name":"render","line":11,"loc":{"start":{"line":11,"column":4},"end":{"line":11,"column":13}}},"2":{"name":"onClick","line":16,"loc":{"start":{"line":16,"column":16},"end":{"line":16,"column":26}}},"3":{"name":"onClick","line":29,"loc":{"start":{"line":29,"column":16},"end":{"line":29,"column":26}}}},"statementMap":{"1":{"start":{"line":1,"column":0},"end":{"line":1,"column":22}},"2":{"start":{"line":3,"column":0},"end":{"line":3,"column":54}},"3":{"start":{"line":4,"column":0},"end":{"line":4,"column":54}},"4":{"start":{"line":6,"column":0},"end":{"line":6,"column":12}},"5":{"start":{"line":8,"column":0},"end":{"line":33,"column":0}},"6":{"start":{"line":12,"column":8},"end":{"line":32,"column":8}},"7":{"start":{"line":17,"column":20},"end":{"line":17,"column":48}},"8":{"start":{"line":30,"column":20},"end":{"line":30,"column":53}},"9":{"start":{"line":34,"column":0},"end":{"line":34,"column":25}}},"branchMap":{}},"/Users/walterroman/Sandbox/minesweeper-react/Resources/coffee/components/GameComponent.coffee":{"path":"/Users/walterroman/Sandbox/minesweeper-react/Resources/coffee/components/GameComponent.coffee","s":{"1":1,"2":1,"3":1,"4":1,"5":1,"6":1,"7":1,"8":1,"9":1,"10":1,"11":1,"12":1,"13":1,"14":1,"15":1,"16":1355,"17":1355,"18":1355,"19":1355,"20":1355,"21":1355,"22":1355,"23":1},"b":{},"f":{"1":1,"2":1,"3":1355},"fnMap":{"1":{"name":"getInitialState","line":24,"loc":{"start":{"line":24,"column":4},"end":{"line":24,"column":22}}},"2":{"name":"componentDidMount","line":31,"loc":{"start":{"line":31,"column":4},"end":{"line":31,"column":24}}},"3":{"name":"render","line":35,"loc":{"start":{"line":35,"column":4},"end":{"line":35,"column":13}}}},"statementMap":{"1":{"start":{"line":1,"column":0},"end":{"line":1,"column":22}},"2":{"start":{"line":2,"column":0},"end":{"line":2,"column":24}},"3":{"start":{"line":4,"column":0},"end":{"line":4,"column":47}},"4":{"start":{"line":5,"column":0},"end":{"line":5,"column":49}},"5":{"start":{"line":7,"column":0},"end":{"line":7,"column":54}},"6":{"start":{"line":9,"column":0},"end":{"line":9,"column":49}},"7":{"start":{"line":10,"column":0},"end":{"line":10,"column":47}},"8":{"start":{"line":11,"column":0},"end":{"line":11,"column":57}},"9":{"start":{"line":12,"column":0},"end":{"line":12,"column":70}},"10":{"start":{"line":14,"column":0},"end":{"line":14,"column":31}},"11":{"start":{"line":16,"column":0},"end":{"line":16,"column":12}},"12":{"start":{"line":18,"column":0},"end":{"line":67,"column":0}},"13":{"start":{"line":25,"column":8},"end":{"line":29,"column":17}},"14":{"start":{"line":32,"column":8},"end":{"line":32,"column":25}},"15":{"start":{"line":33,"column":8},"end":{"line":33,"column":26}},"16":{"start":{"line":36,"column":8},"end":{"line":36,"column":20}},"17":{"start":{"line":38,"column":8},"end":{"line":42,"column":7}},"18":{"start":{"line":42,"column":8},"end":{"line":46,"column":7}},"19":{"start":{"line":46,"column":8},"end":{"line":52,"column":8}},"20":{"start":{"line":54,"column":8},"end":{"line":57,"column":7}},"21":{"start":{"line":57,"column":8},"end":{"line":62,"column":7}},"22":{"start":{"line":62,"column":8},"end":{"line":66,"column":8}},"23":{"start":{"line":68,"column":0},"end":{"line":68,"column":20}}},"branchMap":{}},"/Users/walterroman/Sandbox/minesweeper-react/Resources/coffee/components/InfoComponent.coffee":{"path":"/Users/walterroman/Sandbox/minesweeper-react/Resources/coffee/components/InfoComponent.coffee","s":{"1":1,"2":1,"3":1,"4":1355,"5":1355,"6":1355,"7":1355,"8":1},"b":{"1":[1355,0]},"f":{"1":1355},"fnMap":{"1":{"name":"render","line":8,"loc":{"start":{"line":8,"column":4},"end":{"line":8,"column":13}}}},"statementMap":{"1":{"start":{"line":1,"column":0},"end":{"line":1,"column":22}},"2":{"start":{"line":3,"column":0},"end":{"line":3,"column":12}},"3":{"start":{"line":5,"column":0},"end":{"line":20,"column":0}},"4":{"start":{"line":9,"column":8},"end":{"line":9,"column":22}},"5":{"start":{"line":11,"column":8},"end":{"line":19,"column":7}},"6":{"start":{"line":12,"column":12},"end":{"line":17,"column":12}},"7":{"start":{"line":19,"column":8},"end":{"line":19,"column":34}},"8":{"start":{"line":21,"column":0},"end":{"line":21,"column":20}}},"branchMap":{"1":{"line":11,"type":"if","locations":[{"start":{"line":11,"column":8},"end":{"line":11,"column":8}},{"start":{"line":11,"column":8},"end":{"line":11,"column":8}}]}}},"/Users/walterroman/Sandbox/minesweeper-react/Resources/coffee/components/SliderComponent.coffee":{"path":"/Users/walterroman/Sandbox/minesweeper-react/Resources/coffee/components/SliderComponent.coffee","s":{"1":1,"2":1,"3":1,"4":1,"5":3,"6":0,"7":0,"8":4065,"9":4065,"10":1},"b":{},"f":{"1":3,"2":0,"3":4065},"fnMap":{"1":{"name":"getInitialState","line":8,"loc":{"start":{"line":8,"column":4},"end":{"line":8,"column":22}}},"2":{"name":"onChange","line":12,"loc":{"start":{"line":12,"column":4},"end":{"line":12,"column":23}}},"3":{"name":"render","line":19,"loc":{"start":{"line":19,"column":4},"end":{"line":19,"column":13}}}},"statementMap":{"1":{"start":{"line":1,"column":0},"end":{"line":1,"column":22}},"2":{"start":{"line":2,"column":0},"end":{"line":2,"column":55}},"3":{"start":{"line":4,"column":0},"end":{"line":4,"column":58}},"4":{"start":{"line":6,"column":0},"end":{"line":28,"column":0}},"5":{"start":{"line":9,"column":8},"end":{"line":12,"column":3}},"6":{"start":{"line":13,"column":8},"end":{"line":17,"column":7}},"7":{"start":{"line":17,"column":8},"end":{"line":17,"column":48}},"8":{"start":{"line":20,"column":8},"end":{"line":20,"column":48}},"9":{"start":{"line":22,"column":8},"end":{"line":27,"column":27}},"10":{"start":{"line":29,"column":0},"end":{"line":29,"column":31}}},"branchMap":{}},"/Users/walterroman/Sandbox/minesweeper-react/Resources/coffee/components/TileComponent.coffee":{"path":"/Users/walterroman/Sandbox/minesweeper-react/Resources/coffee/components/TileComponent.coffee","s":{"1":1,"2":1,"3":1,"4":1,"5":211314,"6":20,"7":0,"8":20,"9":20,"10":20,"11":12,"12":8,"13":211314,"14":361317,"15":852881,"16":122622,"17":422628,"18":211314,"19":211314,"20":211314,"21":73,"22":211241,"23":61238,"24":150003,"25":83,"26":211314,"27":211314,"28":18895,"29":61311,"30":83,"31":73,"32":3408,"33":1},"b":{"1":[0,20],"2":[12,8],"3":[73,211241],"4":[61238,150003],"5":[83,149920],"6":[18895,192419],"7":[61311,150003],"8":[83,211231],"9":[73,211241],"10":[3408,207906]},"f":{"1":211314,"2":20,"3":211314,"4":361317,"5":852881,"6":122622,"7":422628,"8":211314,"9":211314,"10":211314},"fnMap":{"1":{"name":"render","line":9,"loc":{"start":{"line":9,"column":4},"end":{"line":9,"column":13}}},"2":{"name":"clickHandler","line":15,"loc":{"start":{"line":15,"column":4},"end":{"line":15,"column":28}}},"3":{"name":"isFirstColumn","line":29,"loc":{"start":{"line":29,"column":4},"end":{"line":29,"column":20}}},"4":{"name":"hasBeenFlagged","line":32,"loc":{"start":{"line":32,"column":4},"end":{"line":32,"column":21}}},"5":{"name":"hasBeenCleared","line":36,"loc":{"start":{"line":36,"column":4},"end":{"line":36,"column":21}}},"6":{"name":"hasMine","line":39,"loc":{"start":{"line":39,"column":4},"end":{"line":39,"column":14}}},"7":{"name":"shouldDisplayMine","line":42,"loc":{"start":{"line":42,"column":4},"end":{"line":42,"column":24}}},"8":{"name":"hasZeroAdjacentMines","line":46,"loc":{"start":{"line":46,"column":4},"end":{"line":46,"column":27}}},"9":{"name":"getText","line":51,"loc":{"start":{"line":51,"column":4},"end":{"line":51,"column":14}}},"10":{"name":"getClass","line":63,"loc":{"start":{"line":63,"column":4},"end":{"line":63,"column":15}}}},"statementMap":{"1":{"start":{"line":1,"column":0},"end":{"line":1,"column":54}},"2":{"start":{"line":3,"column":0},"end":{"line":3,"column":22}},"3":{"start":{"line":4,"column":0},"end":{"line":4,"column":12}},"4":{"start":{"line":6,"column":0},"end":{"line":74,"column":0}},"5":{"start":{"line":10,"column":8},"end":{"line":13,"column":33}},"6":{"start":{"line":16,"column":8},"end":{"line":19,"column":7}},"7":{"start":{"line":17,"column":12},"end":{"line":17,"column":62}},"8":{"start":{"line":19,"column":8},"end":{"line":22,"column":8}},"9":{"start":{"line":20,"column":12},"end":{"line":21,"column":32}},"10":{"start":{"line":24,"column":8},"end":{"line":27,"column":62}},"11":{"start":{"line":25,"column":12},"end":{"line":25,"column":67}},"12":{"start":{"line":27,"column":12},"end":{"line":27,"column":62}},"13":{"start":{"line":30,"column":8},"end":{"line":30,"column":31}},"14":{"start":{"line":33,"column":8},"end":{"line":34,"column":42}},"15":{"start":{"line":37,"column":8},"end":{"line":37,"column":40}},"16":{"start":{"line":40,"column":8},"end":{"line":40,"column":39}},"17":{"start":{"line":43,"column":8},"end":{"line":44,"column":17}},"18":{"start":{"line":47,"column":8},"end":{"line":49,"column":24}},"19":{"start":{"line":52,"column":8},"end":{"line":52,"column":16}},"20":{"start":{"line":54,"column":8},"end":{"line":61,"column":7}},"21":{"start":{"line":55,"column":12},"end":{"line":55,"column":21}},"22":{"start":{"line":56,"column":13},"end":{"line":61,"column":7}},"23":{"start":{"line":57,"column":12},"end":{"line":57,"column":49}},"24":{"start":{"line":58,"column":13},"end":{"line":61,"column":7}},"25":{"start":{"line":59,"column":12},"end":{"line":59,"column":21}},"26":{"start":{"line":61,"column":8},"end":{"line":61,"column":11}},"27":{"start":{"line":64,"column":8},"end":{"line":73,"column":18}},"28":{"start":{"line":67,"column":37},"end":{"line":67,"column":41}},"29":{"start":{"line":68,"column":38},"end":{"line":68,"column":44}},"30":{"start":{"line":69,"column":38},"end":{"line":69,"column":46}},"31":{"start":{"line":70,"column":41},"end":{"line":70,"column":46}},"32":{"start":{"line":71,"column":44},"end":{"line":71,"column":49}},"33":{"start":{"line":75,"column":0},"end":{"line":75,"column":20}}},"branchMap":{"1":{"line":16,"type":"if","locations":[{"start":{"line":16,"column":8},"end":{"line":16,"column":8}},{"start":{"line":16,"column":8},"end":{"line":16,"column":8}}]},"2":{"line":24,"type":"if","locations":[{"start":{"line":24,"column":8},"end":{"line":24,"column":8}},{"start":{"line":24,"column":8},"end":{"line":24,"column":8}}]},"3":{"line":54,"type":"if","locations":[{"start":{"line":54,"column":8},"end":{"line":54,"column":8}},{"start":{"line":54,"column":8},"end":{"line":54,"column":8}}]},"4":{"line":56,"type":"if","locations":[{"start":{"line":56,"column":13},"end":{"line":56,"column":13}},{"start":{"line":56,"column":13},"end":{"line":56,"column":13}}]},"5":{"line":58,"type":"if","locations":[{"start":{"line":58,"column":13},"end":{"line":58,"column":13}},{"start":{"line":58,"column":13},"end":{"line":58,"column":13}}]},"6":{"line":67,"type":"if","locations":[{"start":{"line":67,"column":12},"end":{"line":67,"column":12}},{"start":{"line":67,"column":12},"end":{"line":67,"column":12}}]},"7":{"line":68,"type":"if","locations":[{"start":{"line":68,"column":12},"end":{"line":68,"column":12}},{"start":{"line":68,"column":12},"end":{"line":68,"column":12}}]},"8":{"line":69,"type":"if","locations":[{"start":{"line":69,"column":12},"end":{"line":69,"column":12}},{"start":{"line":69,"column":12},"end":{"line":69,"column":12}}]},"9":{"line":70,"type":"if","locations":[{"start":{"line":70,"column":12},"end":{"line":70,"column":12}},{"start":{"line":70,"column":12},"end":{"line":70,"column":12}}]},"10":{"line":71,"type":"if","locations":[{"start":{"line":71,"column":12},"end":{"line":71,"column":12}},{"start":{"line":71,"column":12},"end":{"line":71,"column":12}}]}}},"/Users/walterroman/Sandbox/minesweeper-react/Resources/coffee/components/TilesComponent.coffee":{"path":"/Users/walterroman/Sandbox/minesweeper-react/Resources/coffee/components/TilesComponent.coffee","s":{"1":1,"2":1,"3":1,"4":1,"5":1355,"6":1355,"7":1355,"8":211302,"9":1355,"10":1},"b":{"1":[1355,0]},"f":{"1":1355,"2":211302},"fnMap":{"1":{"name":"render","line":10,"loc":{"start":{"line":10,"column":4},"end":{"line":10,"column":13}}},"2":{"name":"(anonymous_1)","line":13,"loc":{"start":{"line":13,"column":37},"end":{"line":13,"column":52}}}},"statementMap":{"1":{"start":{"line":1,"column":0},"end":{"line":1,"column":22}},"2":{"start":{"line":3,"column":0},"end":{"line":3,"column":47}},"3":{"start":{"line":5,"column":0},"end":{"line":5,"column":12}},"4":{"start":{"line":7,"column":0},"end":{"line":21,"column":0}},"5":{"start":{"line":11,"column":8},"end":{"line":11,"column":17}},"6":{"start":{"line":12,"column":8},"end":{"line":20,"column":7}},"7":{"start":{"line":13,"column":12},"end":{"line":20,"column":7}},"8":{"start":{"line":14,"column":16},"end":{"line":18,"column":16}},"9":{"start":{"line":20,"column":8},"end":{"line":20,"column":29}},"10":{"start":{"line":22,"column":0},"end":{"line":22,"column":21}}},"branchMap":{"1":{"line":12,"type":"if","locations":[{"start":{"line":12,"column":8},"end":{"line":12,"column":8}},{"start":{"line":12,"column":8},"end":{"line":12,"column":8}}]}}},"/Users/walterroman/Sandbox/minesweeper-react/Resources/coffee/components/modals/ModalInstructionsComponent.coffee":{"path":"/Users/walterroman/Sandbox/minesweeper-react/Resources/coffee/components/modals/ModalInstructionsComponent.coffee","s":{"1":1,"2":1,"3":1,"4":1,"5":1355,"6":1355,"7":1343,"8":1355,"9":0,"10":1355,"11":1355,"12":1355,"13":1355,"14":1},"b":{"1":[1343,12]},"f":{"1":1355,"2":0,"3":1355},"fnMap":{"1":{"name":"getClass","line":9,"loc":{"start":{"line":9,"column":4},"end":{"line":9,"column":15}}},"2":{"name":"clickHandler","line":19,"loc":{"start":{"line":19,"column":4},"end":{"line":19,"column":19}}},"3":{"name":"render","line":22,"loc":{"start":{"line":22,"column":4},"end":{"line":22,"column":13}}}},"statementMap":{"1":{"start":{"line":1,"column":0},"end":{"line":1,"column":22}},"2":{"start":{"line":2,"column":0},"end":{"line":2,"column":12}},"3":{"start":{"line":4,"column":0},"end":{"line":4,"column":57}},"4":{"start":{"line":6,"column":0},"end":{"line":97,"column":0}},"5":{"start":{"line":10,"column":8},"end":{"line":12,"column":8}},"6":{"start":{"line":14,"column":8},"end":{"line":17,"column":7}},"7":{"start":{"line":15,"column":12},"end":{"line":15,"column":30}},"8":{"start":{"line":17,"column":8},"end":{"line":17,"column":23}},"9":{"start":{"line":20,"column":8},"end":{"line":20,"column":41}},"10":{"start":{"line":23,"column":8},"end":{"line":57,"column":8}},"11":{"start":{"line":59,"column":8},"end":{"line":79,"column":8}},"12":{"start":{"line":81,"column":8},"end":{"line":89,"column":7}},"13":{"start":{"line":89,"column":8},"end":{"line":96,"column":8}},"14":{"start":{"line":98,"column":0},"end":{"line":98,"column":28}}},"branchMap":{"1":{"line":14,"type":"if","locations":[{"start":{"line":14,"column":8},"end":{"line":14,"column":8}},{"start":{"line":14,"column":8},"end":{"line":14,"column":8}}]}}},"/Users/walterroman/Sandbox/minesweeper-react/Resources/coffee/components/modals/ModalNewGameComponent.coffee":{"path":"/Users/walterroman/Sandbox/minesweeper-react/Resources/coffee/components/modals/ModalNewGameComponent.coffee","s":{"1":1,"2":1,"3":1,"4":1,"5":1,"6":1,"7":1,"8":1,"9":1,"10":1,"11":1355,"12":1355,"13":411,"14":1355,"15":1355,"16":863,"17":492,"18":61,"19":431,"20":60,"21":0,"22":0,"23":1355,"24":1355,"25":1234,"26":1355,"27":1355,"28":1355,"29":1355,"30":1},"b":{"1":[411,944],"2":[863,492],"3":[61,431],"4":[60,371],"5":[1234,121]},"f":{"1":1,"2":1355,"3":1355,"4":0,"5":0,"6":1355,"7":1355},"fnMap":{"1":{"name":"getInitialState","line":17,"loc":{"start":{"line":17,"column":4},"end":{"line":17,"column":22}}},"2":{"name":"getClass","line":28,"loc":{"start":{"line":28,"column":4},"end":{"line":28,"column":15}}},"3":{"name":"getTitleText","line":38,"loc":{"start":{"line":38,"column":4},"end":{"line":38,"column":19}}},"4":{"name":"clickHandlerNewGame","line":46,"loc":{"start":{"line":46,"column":4},"end":{"line":46,"column":26}}},"5":{"name":"clickHandlerExitModal","line":49,"loc":{"start":{"line":49,"column":4},"end":{"line":49,"column":28}}},"6":{"name":"renderButtons","line":52,"loc":{"start":{"line":52,"column":4},"end":{"line":52,"column":20}}},"7":{"name":"render","line":70,"loc":{"start":{"line":70,"column":4},"end":{"line":70,"column":13}}}},"statementMap":{"1":{"start":{"line":1,"column":0},"end":{"line":1,"column":22}},"2":{"start":{"line":2,"column":0},"end":{"line":2,"column":24}},"3":{"start":{"line":3,"column":0},"end":{"line":3,"column":31}},"4":{"start":{"line":5,"column":0},"end":{"line":5,"column":12}},"5":{"start":{"line":7,"column":0},"end":{"line":7,"column":57}},"6":{"start":{"line":8,"column":0},"end":{"line":8,"column":57}},"7":{"start":{"line":9,"column":0},"end":{"line":9,"column":56}},"8":{"start":{"line":10,"column":0},"end":{"line":10,"column":52}},"9":{"start":{"line":12,"column":0},"end":{"line":136,"column":0}},"10":{"start":{"line":18,"column":8},"end":{"line":28,"column":3}},"11":{"start":{"line":29,"column":8},"end":{"line":31,"column":8}},"12":{"start":{"line":33,"column":8},"end":{"line":36,"column":7}},"13":{"start":{"line":34,"column":12},"end":{"line":34,"column":30}},"14":{"start":{"line":36,"column":8},"end":{"line":36,"column":23}},"15":{"start":{"line":39,"column":8},"end":{"line":46,"column":3}},"16":{"start":{"line":40,"column":12},"end":{"line":40,"column":29}},"17":{"start":{"line":41,"column":13},"end":{"line":46,"column":3}},"18":{"start":{"line":42,"column":12},"end":{"line":42,"column":28}},"19":{"start":{"line":43,"column":13},"end":{"line":46,"column":3}},"20":{"start":{"line":44,"column":12},"end":{"line":44,"column":31}},"21":{"start":{"line":47,"column":8},"end":{"line":47,"column":93}},"22":{"start":{"line":50,"column":8},"end":{"line":50,"column":27}},"23":{"start":{"line":53,"column":8},"end":{"line":59,"column":8}},"24":{"start":{"line":61,"column":8},"end":{"line":68,"column":7}},"25":{"start":{"line":62,"column":12},"end":{"line":66,"column":25}},"26":{"start":{"line":68,"column":8},"end":{"line":68,"column":45}},"27":{"start":{"line":71,"column":8},"end":{"line":80,"column":7}},"28":{"start":{"line":80,"column":8},"end":{"line":126,"column":8}},"29":{"start":{"line":128,"column":8},"end":{"line":135,"column":8}},"30":{"start":{"line":137,"column":0},"end":{"line":137,"column":28}}},"branchMap":{"1":{"line":33,"type":"if","locations":[{"start":{"line":33,"column":8},"end":{"line":33,"column":8}},{"start":{"line":33,"column":8},"end":{"line":33,"column":8}}]},"2":{"line":39,"type":"if","locations":[{"start":{"line":39,"column":8},"end":{"line":39,"column":8}},{"start":{"line":39,"column":8},"end":{"line":39,"column":8}}]},"3":{"line":41,"type":"if","locations":[{"start":{"line":41,"column":13},"end":{"line":41,"column":13}},{"start":{"line":41,"column":13},"end":{"line":41,"column":13}}]},"4":{"line":43,"type":"if","locations":[{"start":{"line":43,"column":13},"end":{"line":43,"column":13}},{"start":{"line":43,"column":13},"end":{"line":43,"column":13}}]},"5":{"line":61,"type":"if","locations":[{"start":{"line":61,"column":8},"end":{"line":61,"column":8}},{"start":{"line":61,"column":8},"end":{"line":61,"column":8}}]}}},"/Users/walterroman/Sandbox/minesweeper-react/Resources/coffee/components/modals/ModalOverlayComponent.coffee":{"path":"/Users/walterroman/Sandbox/minesweeper-react/Resources/coffee/components/modals/ModalOverlayComponent.coffee","s":{"1":1,"2":1,"3":1,"4":1,"5":1,"6":1,"7":1355,"8":944,"9":411,"10":12,"11":399,"12":0,"13":0,"14":0,"15":1355,"16":1355,"17":1355,"18":1355,"19":1355,"20":1355,"21":1355,"22":1},"b":{"1":[944,411],"2":[12,399],"3":[0,0],"4":[1355,0],"5":[1355,0]},"f":{"1":1355,"2":0,"3":0,"4":1355},"fnMap":{"1":{"name":"getClass","line":12,"loc":{"start":{"line":12,"column":4},"end":{"line":12,"column":15}}},"2":{"name":"resetHandler","line":19,"loc":{"start":{"line":19,"column":4},"end":{"line":19,"column":19}}},"3":{"name":"instructionsHandler","line":23,"loc":{"start":{"line":23,"column":4},"end":{"line":23,"column":26}}},"4":{"name":"render","line":26,"loc":{"start":{"line":26,"column":4},"end":{"line":26,"column":13}}}},"statementMap":{"1":{"start":{"line":1,"column":0},"end":{"line":1,"column":22}},"2":{"start":{"line":3,"column":0},"end":{"line":3,"column":57}},"3":{"start":{"line":4,"column":0},"end":{"line":4,"column":68}},"4":{"start":{"line":5,"column":0},"end":{"line":5,"column":58}},"5":{"start":{"line":7,"column":0},"end":{"line":7,"column":12}},"6":{"start":{"line":9,"column":0},"end":{"line":51,"column":0}},"7":{"start":{"line":13,"column":8},"end":{"line":17,"column":7}},"8":{"start":{"line":14,"column":12},"end":{"line":14,"column":20}},"9":{"start":{"line":15,"column":13},"end":{"line":17,"column":7}},"10":{"start":{"line":16,"column":12},"end":{"line":16,"column":20}},"11":{"start":{"line":17,"column":8},"end":{"line":17,"column":20}},"12":{"start":{"line":20,"column":8},"end":{"line":23,"column":3}},"13":{"start":{"line":21,"column":12},"end":{"line":21,"column":31}},"14":{"start":{"line":24,"column":8},"end":{"line":24,"column":41}},"15":{"start":{"line":27,"column":8},"end":{"line":32,"column":14}},"16":{"start":{"line":34,"column":8},"end":{"line":34,"column":29}},"17":{"start":{"line":36,"column":8},"end":{"line":50,"column":7}},"18":{"start":{"line":37,"column":12},"end":{"line":40,"column":16}},"19":{"start":{"line":42,"column":12},"end":{"line":50,"column":7}},"20":{"start":{"line":43,"column":16},"end":{"line":48,"column":16}},"21":{"start":{"line":50,"column":8},"end":{"line":50,"column":29}},"22":{"start":{"line":52,"column":0},"end":{"line":52,"column":28}}},"branchMap":{"1":{"line":13,"type":"if","locations":[{"start":{"line":13,"column":8},"end":{"line":13,"column":8}},{"start":{"line":13,"column":8},"end":{"line":13,"column":8}}]},"2":{"line":15,"type":"if","locations":[{"start":{"line":15,"column":13},"end":{"line":15,"column":13}},{"start":{"line":15,"column":13},"end":{"line":15,"column":13}}]},"3":{"line":20,"type":"if","locations":[{"start":{"line":20,"column":8},"end":{"line":20,"column":8}},{"start":{"line":20,"column":8},"end":{"line":20,"column":8}}]},"4":{"line":36,"type":"if","locations":[{"start":{"line":36,"column":8},"end":{"line":36,"column":8}},{"start":{"line":36,"column":8},"end":{"line":36,"column":8}}]},"5":{"line":42,"type":"if","locations":[{"start":{"line":42,"column":12},"end":{"line":42,"column":12}},{"start":{"line":42,"column":12},"end":{"line":42,"column":12}}]}}},"/Users/walterroman/Sandbox/minesweeper-react/Resources/coffee/models/TileModel.coffee":{"path":"/Users/walterroman/Sandbox/minesweeper-react/Resources/coffee/models/TileModel.coffee","s":{"1":1,"2":0,"3":0,"4":1,"5":1,"6":12002,"7":0,"8":12001,"9":12001,"10":12001,"11":24105,"12":24105,"13":12001,"14":13113,"15":36,"16":36,"17":1366,"18":1366,"19":1366},"b":{"1":[0,12001]},"f":{"1":0,"2":1,"3":12002,"4":12001,"5":13113,"6":36,"7":1366},"fnMap":{"1":{"name":"(anonymous_1)","line":1,"loc":{"start":{"line":1,"column":39},"end":{"line":1,"column":48}}},"2":{"name":"TileModel","line":9,"loc":{"start":{"line":9,"column":10},"end":{"line":9,"column":18}}},"3":{"name":"constructor","line":15,"loc":{"start":{"line":15,"column":8},"end":{"line":15,"column":30}}},"4":{"name":"set","line":29,"loc":{"start":{"line":29,"column":8},"end":{"line":29,"column":22}}},"5":{"name":"getAdjacentTiles","line":35,"loc":{"start":{"line":35,"column":8},"end":{"line":35,"column":27}}},"6":{"name":"toggleFlag","line":38,"loc":{"start":{"line":38,"column":8},"end":{"line":38,"column":21}}},"7":{"name":"clear","line":42,"loc":{"start":{"line":42,"column":8},"end":{"line":42,"column":16}}}},"statementMap":{"1":{"start":{"line":1,"column":0},"end":{"line":7,"column":0}},"2":{"start":{"line":2,"column":4},"end":{"line":6,"column":4}},"3":{"start":{"line":3,"column":8},"end":{"line":5,"column":33}},"4":{"start":{"line":8,"column":0},"end":{"line":45,"column":13}},"5":{"start":{"line":10,"column":8},"end":{"line":14,"column":8}},"6":{"start":{"line":16,"column":12},"end":{"line":18,"column":11}},"7":{"start":{"line":17,"column":16},"end":{"line":17,"column":86}},"8":{"start":{"line":18,"column":12},"end":{"line":27,"column":11}},"9":{"start":{"line":27,"column":12},"end":{"line":27,"column":21}},"10":{"start":{"line":30,"column":12},"end":{"line":33,"column":11}},"11":{"start":{"line":31,"column":16},"end":{"line":31,"column":33}},"12":{"start":{"line":32,"column":16},"end":{"line":32,"column":67}},"13":{"start":{"line":33,"column":12},"end":{"line":33,"column":12}},"14":{"start":{"line":36,"column":12},"end":{"line":36,"column":24}},"15":{"start":{"line":39,"column":12},"end":{"line":39,"column":47}},"16":{"start":{"line":40,"column":12},"end":{"line":40,"column":12}},"17":{"start":{"line":43,"column":12},"end":{"line":43,"column":32}},"18":{"start":{"line":44,"column":12},"end":{"line":44,"column":35}},"19":{"start":{"line":45,"column":12},"end":{"line":45,"column":12}}},"branchMap":{"1":{"line":16,"type":"if","locations":[{"start":{"line":16,"column":12},"end":{"line":16,"column":12}},{"start":{"line":16,"column":12},"end":{"line":16,"column":12}}]}}},"/Users/walterroman/Sandbox/minesweeper-react/Resources/coffee/stores/ModalStore.coffee":{"path":"/Users/walterroman/Sandbox/minesweeper-react/Resources/coffee/stores/ModalStore.coffee","s":{"1":1,"2":1,"3":1,"4":1,"5":1,"6":1,"7":1,"8":1,"9":111,"10":68,"11":47,"12":1,"13":2,"14":2,"15":1,"16":1,"17":107,"18":62,"19":45,"20":107,"21":111,"22":1,"23":1},"b":{"1":[62,45]},"f":{"1":111,"2":68,"3":47,"4":2,"5":1,"6":107,"7":111},"fnMap":{"1":{"name":"getAll","line":14,"loc":{"start":{"line":14,"column":4},"end":{"line":14,"column":13}}},"2":{"name":"reset","line":17,"loc":{"start":{"line":17,"column":4},"end":{"line":17,"column":12}}},"3":{"name":"toggle","line":20,"loc":{"start":{"line":20,"column":4},"end":{"line":20,"column":25}}},"4":{"name":"onToggle","line":30,"loc":{"start":{"line":30,"column":4},"end":{"line":30,"column":22}}},"5":{"name":"onReset","line":34,"loc":{"start":{"line":34,"column":4},"end":{"line":34,"column":14}}},"6":{"name":"onChange","line":38,"loc":{"start":{"line":38,"column":4},"end":{"line":38,"column":22}}},"7":{"name":"update","line":45,"loc":{"start":{"line":45,"column":4},"end":{"line":45,"column":13}}}},"statementMap":{"1":{"start":{"line":1,"column":0},"end":{"line":1,"column":24}},"2":{"start":{"line":2,"column":0},"end":{"line":2,"column":31}},"3":{"start":{"line":4,"column":0},"end":{"line":4,"column":54}},"4":{"start":{"line":5,"column":0},"end":{"line":5,"column":66}},"5":{"start":{"line":7,"column":0},"end":{"line":7,"column":30}},"6":{"start":{"line":8,"column":0},"end":{"line":8,"column":19}},"7":{"start":{"line":9,"column":0},"end":{"line":9,"column":24}},"8":{"start":{"line":11,"column":0},"end":{"line":23,"column":0}},"9":{"start":{"line":15,"column":8},"end":{"line":15,"column":26}},"10":{"start":{"line":18,"column":8},"end":{"line":18,"column":21}},"11":{"start":{"line":21,"column":8},"end":{"line":21,"column":30}},"12":{"start":{"line":24,"column":0},"end":{"line":47,"column":0}},"13":{"start":{"line":31,"column":8},"end":{"line":31,"column":29}},"14":{"start":{"line":32,"column":8},"end":{"line":32,"column":16}},"15":{"start":{"line":35,"column":8},"end":{"line":35,"column":18}},"16":{"start":{"line":36,"column":8},"end":{"line":36,"column":16}},"17":{"start":{"line":39,"column":8},"end":{"line":42,"column":33}},"18":{"start":{"line":40,"column":12},"end":{"line":40,"column":29}},"19":{"start":{"line":42,"column":12},"end":{"line":42,"column":33}},"20":{"start":{"line":43,"column":8},"end":{"line":43,"column":16}},"21":{"start":{"line":46,"column":8},"end":{"line":46,"column":25}},"22":{"start":{"line":48,"column":0},"end":{"line":48,"column":57}},"23":{"start":{"line":50,"column":0},"end":{"line":50,"column":26}}},"branchMap":{"1":{"line":39,"type":"if","locations":[{"start":{"line":39,"column":8},"end":{"line":39,"column":8}},{"start":{"line":39,"column":8},"end":{"line":39,"column":8}}]}}},"/Users/walterroman/Sandbox/minesweeper-react/Resources/coffee/stores/NewGameStore.coffee":{"path":"/Users/walterroman/Sandbox/minesweeper-react/Resources/coffee/stores/NewGameStore.coffee","s":{"1":1,"2":1,"3":1,"4":1,"5":1,"6":0,"7":0,"8":0,"9":0,"10":0,"11":0,"12":0,"13":0,"14":0,"15":0,"16":0,"17":0,"18":0,"19":0,"20":1,"21":1},"b":{"1":[0,0],"2":[0,0],"3":[0,0]},"f":{"1":0,"2":0},"fnMap":{"1":{"name":"onChange","line":22,"loc":{"start":{"line":22,"column":4},"end":{"line":22,"column":26}}},"2":{"name":"update","line":45,"loc":{"start":{"line":45,"column":4},"end":{"line":45,"column":13}}}},"statementMap":{"1":{"start":{"line":1,"column":0},"end":{"line":1,"column":24}},"2":{"start":{"line":2,"column":0},"end":{"line":2,"column":31}},"3":{"start":{"line":3,"column":0},"end":{"line":3,"column":58}},"4":{"start":{"line":5,"column":0},"end":{"line":15,"column":0}},"5":{"start":{"line":16,"column":0},"end":{"line":47,"column":0}},"6":{"start":{"line":23,"column":8},"end":{"line":45,"column":3}},"7":{"start":{"line":24,"column":12},"end":{"line":24,"column":33}},"8":{"start":{"line":27,"column":12},"end":{"line":43,"column":11}},"9":{"start":{"line":28,"column":16},"end":{"line":28,"column":43}},"10":{"start":{"line":29,"column":16},"end":{"line":29,"column":71}},"11":{"start":{"line":30,"column":16},"end":{"line":30,"column":71}},"12":{"start":{"line":31,"column":16},"end":{"line":31,"column":71}},"13":{"start":{"line":33,"column":16},"end":{"line":33,"column":39}},"14":{"start":{"line":34,"column":16},"end":{"line":34,"column":39}},"15":{"start":{"line":36,"column":16},"end":{"line":43,"column":11}},"16":{"start":{"line":37,"column":20},"end":{"line":39,"column":49}},"17":{"start":{"line":41,"column":20},"end":{"line":41,"column":45}},"18":{"start":{"line":43,"column":12},"end":{"line":43,"column":20}},"19":{"start":{"line":46,"column":8},"end":{"line":46,"column":21}},"20":{"start":{"line":48,"column":0},"end":{"line":48,"column":59}},"21":{"start":{"line":50,"column":0},"end":{"line":50,"column":28}}},"branchMap":{"1":{"line":23,"type":"if","locations":[{"start":{"line":23,"column":8},"end":{"line":23,"column":8}},{"start":{"line":23,"column":8},"end":{"line":23,"column":8}}]},"2":{"line":27,"type":"if","locations":[{"start":{"line":27,"column":12},"end":{"line":27,"column":12}},{"start":{"line":27,"column":12},"end":{"line":27,"column":12}}]},"3":{"line":36,"type":"if","locations":[{"start":{"line":36,"column":16},"end":{"line":36,"column":16}},{"start":{"line":36,"column":16},"end":{"line":36,"column":16}}]}}},"/Users/walterroman/Sandbox/minesweeper-react/Resources/coffee/stores/TileStore.coffee":{"path":"/Users/walterroman/Sandbox/minesweeper-react/Resources/coffee/stores/TileStore.coffee","s":{"1":1,"2":1,"3":1,"4":1,"5":1,"6":1,"7":1,"8":1,"9":0,"10":0,"11":0,"12":0,"13":0,"14":0,"15":0,"16":1,"17":1,"18":1,"19":386,"20":1309,"21":1304,"22":1573,"23":60,"24":1,"25":1573,"26":1573,"27":817,"28":817,"29":817,"30":756,"31":60,"32":60,"33":60,"34":37,"35":37,"36":28,"37":344,"38":344,"39":344,"40":338,"41":1244,"42":1244,"43":1244,"44":1244,"45":43,"46":1244,"47":0,"48":1,"49":1},"b":{"1":[0,1],"2":[0,0],"3":[0,0],"4":[1,0],"5":[817,756],"6":[43,1201],"7":[0,1244]},"f":{"1":386,"2":1309,"3":1304,"4":1573,"5":60,"6":1573,"7":60,"8":37,"9":344,"10":1244},"fnMap":{"1":{"name":"get","line":34,"loc":{"start":{"line":34,"column":4},"end":{"line":34,"column":18}}},"2":{"name":"getAll","line":37,"loc":{"start":{"line":37,"column":4},"end":{"line":37,"column":21}}},"3":{"name":"getInfo","line":40,"loc":{"start":{"line":40,"column":4},"end":{"line":40,"column":14}}},"4":{"name":"randomSafeTile","line":49,"loc":{"start":{"line":49,"column":4},"end":{"line":49,"column":21}}},"5":{"name":"newGame","line":52,"loc":{"start":{"line":52,"column":4},"end":{"line":52,"column":28}}},"6":{"name":"onClearSafeRandomTile","line":62,"loc":{"start":{"line":62,"column":4},"end":{"line":62,"column":28}}},"7":{"name":"onNewGame","line":71,"loc":{"start":{"line":71,"column":4},"end":{"line":71,"column":30}}},"8":{"name":"onTileToggleFlag","line":76,"loc":{"start":{"line":76,"column":4},"end":{"line":76,"column":29}}},"9":{"name":"onTileClear","line":81,"loc":{"start":{"line":81,"column":4},"end":{"line":81,"column":24}}},"10":{"name":"update","line":87,"loc":{"start":{"line":87,"column":4},"end":{"line":87,"column":13}}}},"statementMap":{"1":{"start":{"line":2,"column":0},"end":{"line":2,"column":24}},"2":{"start":{"line":3,"column":0},"end":{"line":3,"column":31}},"3":{"start":{"line":5,"column":0},"end":{"line":5,"column":54}},"4":{"start":{"line":6,"column":0},"end":{"line":6,"column":54}},"5":{"start":{"line":8,"column":0},"end":{"line":8,"column":64}},"6":{"start":{"line":11,"column":0},"end":{"line":11,"column":28}},"7":{"start":{"line":12,"column":0},"end":{"line":15,"column":0}},"8":{"start":{"line":16,"column":0},"end":{"line":25,"column":0}},"9":{"start":{"line":17,"column":4},"end":{"line":17,"column":59}},"10":{"start":{"line":18,"column":4},"end":{"line":18,"column":75}},"11":{"start":{"line":20,"column":4},"end":{"line":25,"column":0}},"12":{"start":{"line":21,"column":8},"end":{"line":21,"column":54}},"13":{"start":{"line":22,"column":8},"end":{"line":25,"column":0}},"14":{"start":{"line":23,"column":12},"end":{"line":23,"column":41}},"15":{"start":{"line":24,"column":12},"end":{"line":24,"column":37}},"16":{"start":{"line":26,"column":0},"end":{"line":29,"column":26}},"17":{"start":{"line":27,"column":4},"end":{"line":27,"column":27}},"18":{"start":{"line":30,"column":0},"end":{"line":55,"column":21}},"19":{"start":{"line":35,"column":8},"end":{"line":35,"column":22}},"20":{"start":{"line":38,"column":8},"end":{"line":38,"column":32}},"21":{"start":{"line":41,"column":8},"end":{"line":49,"column":3}},"22":{"start":{"line":50,"column":8},"end":{"line":50,"column":29}},"23":{"start":{"line":53,"column":8},"end":{"line":53,"column":32}},"24":{"start":{"line":56,"column":0},"end":{"line":98,"column":0}},"25":{"start":{"line":63,"column":8},"end":{"line":63,"column":31}},"26":{"start":{"line":64,"column":8},"end":{"line":69,"column":22}},"27":{"start":{"line":65,"column":12},"end":{"line":65,"column":23}},"28":{"start":{"line":66,"column":12},"end":{"line":66,"column":20}},"29":{"start":{"line":67,"column":12},"end":{"line":67,"column":22}},"30":{"start":{"line":69,"column":12},"end":{"line":69,"column":22}},"31":{"start":{"line":72,"column":8},"end":{"line":72,"column":27}},"32":{"start":{"line":73,"column":8},"end":{"line":73,"column":28}},"33":{"start":{"line":74,"column":8},"end":{"line":74,"column":16}},"34":{"start":{"line":77,"column":8},"end":{"line":77,"column":27}},"35":{"start":{"line":78,"column":8},"end":{"line":78,"column":24}},"36":{"start":{"line":79,"column":8},"end":{"line":79,"column":16}},"37":{"start":{"line":82,"column":8},"end":{"line":82,"column":23}},"38":{"start":{"line":83,"column":8},"end":{"line":83,"column":24}},"39":{"start":{"line":84,"column":8},"end":{"line":84,"column":19}},"40":{"start":{"line":85,"column":8},"end":{"line":85,"column":16}},"41":{"start":{"line":88,"column":8},"end":{"line":88,"column":22}},"42":{"start":{"line":89,"column":8},"end":{"line":89,"column":24}},"43":{"start":{"line":90,"column":8},"end":{"line":93,"column":7}},"44":{"start":{"line":93,"column":8},"end":{"line":96,"column":7}},"45":{"start":{"line":94,"column":12},"end":{"line":94,"column":40}},"46":{"start":{"line":96,"column":8},"end":{"line":98,"column":0}},"47":{"start":{"line":97,"column":12},"end":{"line":97,"column":66}},"48":{"start":{"line":99,"column":0},"end":{"line":99,"column":56}},"49":{"start":{"line":101,"column":0},"end":{"line":101,"column":25}}},"branchMap":{"1":{"line":16,"type":"if","locations":[{"start":{"line":16,"column":0},"end":{"line":16,"column":0}},{"start":{"line":16,"column":0},"end":{"line":16,"column":0}}]},"2":{"line":20,"type":"if","locations":[{"start":{"line":20,"column":4},"end":{"line":20,"column":4}},{"start":{"line":20,"column":4},"end":{"line":20,"column":4}}]},"3":{"line":22,"type":"if","locations":[{"start":{"line":22,"column":8},"end":{"line":22,"column":8}},{"start":{"line":22,"column":8},"end":{"line":22,"column":8}}]},"4":{"line":26,"type":"if","locations":[{"start":{"line":26,"column":0},"end":{"line":26,"column":0}},{"start":{"line":26,"column":0},"end":{"line":26,"column":0}}]},"5":{"line":64,"type":"if","locations":[{"start":{"line":64,"column":8},"end":{"line":64,"column":8}},{"start":{"line":64,"column":8},"end":{"line":64,"column":8}}]},"6":{"line":93,"type":"if","locations":[{"start":{"line":93,"column":8},"end":{"line":93,"column":8}},{"start":{"line":93,"column":8},"end":{"line":93,"column":8}}]},"7":{"line":96,"type":"if","locations":[{"start":{"line":96,"column":8},"end":{"line":96,"column":8}},{"start":{"line":96,"column":8},"end":{"line":96,"column":8}}]}}}}