TN:
SF:/Users/walterroman/Sandbox/minesweeper-react/Resources/coffee/actions/ModalActions.coffee
FNF:0
FNH:0
DA:1,1
DA:3,1
LF:2
LH:2
BRF:0
BRH:0
end_of_record
TN:
SF:/Users/walterroman/Sandbox/minesweeper-react/Resources/coffee/actions/TilesActions.coffee
FNF:0
FNH:0
DA:1,1
DA:3,1
LF:2
LH:2
BRF:0
BRH:0
end_of_record
TN:
SF:/Users/walterroman/Sandbox/minesweeper-react/Resources/coffee/app.coffee
FNF:0
FNH:0
DA:1,0
DA:3,0
DA:5,0
DA:7,0
LF:4
LH:0
BRF:0
BRH:0
end_of_record
TN:
SF:/Users/walterroman/Sandbox/minesweeper-react/Resources/coffee/collections/ModalsCollection.coffee
FN:1,ModalsCollection
FN:2,constructor
FN:5,set
FN:9,toggle
FN:15,reset
FNF:5
FNH:5
FNDA:1,ModalsCollection
FNDA:3,constructor
FNDA:9,set
FNDA:3,toggle
FNDA:4,reset
DA:1,1
DA:3,3
DA:6,9
DA:7,9
DA:10,3
DA:11,3
DA:12,9
DA:13,3
DA:16,4
DA:17,12
DA:18,4
DA:20,1
LF:12
LH:12
BRDA:12,1,0,3
BRDA:12,1,1,6
BRF:2
BRH:2
end_of_record
TN:
SF:/Users/walterroman/Sandbox/minesweeper-react/Resources/coffee/collections/TilesCollection.coffee
FN:3,TilesCollection
FN:4,constructor
FN:9,Model
FN:10,clear
FN:15,toggleFlag
FN:19,newGame
FN:42,noMineFirstClick
FN:50,add
FN:55,reset
FN:59,randomSafeTile
FN:68,tallyMines
FN:84,gameUpdate
FN:92,moveUpdate
FN:115,clearNeighbors
FN:133,get
FN:136,getAll
FNF:16
FNH:16
FNDA:1,TilesCollection
FNDA:72,constructor
FNDA:72,Model
FNDA:16050,clear
FNDA:42,toggleFlag
FNDA:139,newGame
FNDA:12,noMineFirstClick
FNDA:46335,add
FNDA:145,reset
FNDA:3908,randomSafeTile
FNDA:151,tallyMines
FNDA:139,gameUpdate
FNDA:16231,moveUpdate
FNDA:16056,clearNeighbors
FNDA:491177,get
FNDA:497806,getAll
DA:1,1
DA:3,1
DA:5,72
DA:7,72
DA:9,72
DA:11,16050
DA:12,16050
DA:13,16050
DA:16,42
DA:17,42
DA:20,139
DA:21,139
DA:22,139
DA:23,139
DA:25,139
DA:26,2172
DA:27,46330
DA:31,46330
DA:33,139
DA:34,3314
DA:35,3314
DA:37,139
DA:38,139
DA:43,12
DA:44,12
DA:45,12
DA:46,12
DA:48,12
DA:51,46335
DA:52,46335
DA:53,46335
DA:56,145
DA:57,145
DA:60,3908
DA:64,3908
DA:65,3908
DA:66,3908
DA:69,151
DA:70,50350
DA:71,50350
DA:72,402800
DA:73,402800
DA:74,402800
DA:79,402800
DA:80,402800
DA:81,25964
DA:82,50350
DA:85,139
DA:86,139
DA:87,46330
DA:88,3314
DA:90,139
DA:93,16231
DA:94,16231
DA:95,16231
DA:96,16231
DA:98,16231
DA:100,10985953
DA:101,8061173
DA:104,10985953
DA:105,92
DA:108,10985953
DA:109,83
DA:112,16231
DA:113,286
DA:116,16056
DA:117,16056
DA:118,10800
DA:119,86400
DA:124,86400
DA:125,86400
DA:130,86400
DA:131,13581
DA:134,491177
DA:137,497806
DA:138,497806
DA:139,2655
DA:141,495151
DA:142,325728920
DA:143,325728920
DA:144,325728920
DA:145,910605094
DA:146,910605094
DA:147,43481409
DA:149,325728920
DA:150,1635417
DA:152,495151
DA:154,1
LF:88
LH:88
BRDA:43,1,0,12
BRDA:43,1,1,0
BRDA:80,2,0,25964
BRDA:80,2,1,376836
BRDA:87,3,0,3314
BRDA:87,3,1,43016
BRDA:100,4,0,8061173
BRDA:100,4,1,2924780
BRDA:104,5,0,92
BRDA:104,5,1,10985861
BRDA:108,6,0,83
BRDA:108,6,1,10985870
BRDA:112,7,0,286
BRDA:112,7,1,15945
BRDA:117,8,0,10800
BRDA:117,8,1,5256
BRDA:130,9,0,13581
BRDA:130,9,1,72819
BRDA:138,10,0,2655
BRDA:138,10,1,495151
BRDA:146,11,0,43481409
BRDA:146,11,1,867123685
BRDA:149,12,0,1635417
BRDA:149,12,1,324093503
BRF:24
BRH:23
end_of_record
TN:
SF:/Users/walterroman/Sandbox/minesweeper-react/Resources/coffee/models/TileModel.coffee
FN:1,(anonymous_1)
FN:9,TileModel
FN:15,constructor
FN:29,set
FN:35,getAdjacentTiles
FN:38,toggleFlag
FN:42,clear
FNF:7
FNH:7
FNDA:92726,(anonymous_1)
FNDA:1,TileModel
FNDA:46364,constructor
FNDA:46363,set
FNDA:61150,getAdjacentTiles
FNDA:50,toggleFlag
FNDA:16050,clear
DA:1,1
DA:2,92726
DA:3,92726
DA:8,1
DA:10,1
DA:16,46364
DA:17,0
DA:18,46363
DA:27,46363
DA:30,46363
DA:31,92829
DA:32,92829
DA:33,46363
DA:36,61150
DA:39,50
DA:40,50
DA:43,16050
DA:44,16050
DA:45,16050
LF:19
LH:18
BRDA:16,1,0,0
BRDA:16,1,1,46363
BRF:2
BRH:1
end_of_record
TN:
SF:/Users/walterroman/Sandbox/minesweeper-react/Resources/coffee/stores/ModalStore.coffee
FN:14,getAll
FN:17,reset
FN:20,toggle
FN:30,onToggle
FN:34,onReset
FN:38,onChange
FN:45,update
FNF:7
FNH:0
FNDA:0,getAll
FNDA:0,reset
FNDA:0,toggle
FNDA:0,onToggle
FNDA:0,onReset
FNDA:0,onChange
FNDA:0,update
DA:1,0
DA:2,0
DA:4,0
DA:5,0
DA:7,0
DA:8,0
DA:9,0
DA:11,0
DA:15,0
DA:18,0
DA:21,0
DA:24,0
DA:31,0
DA:32,0
DA:35,0
DA:36,0
DA:39,0
DA:40,0
DA:42,0
DA:43,0
DA:46,0
DA:48,0
DA:50,0
LF:23
LH:0
BRDA:39,1,0,0
BRDA:39,1,1,0
BRF:2
BRH:0
end_of_record
TN:
SF:/Users/walterroman/Sandbox/minesweeper-react/Resources/coffee/stores/TileStore.coffee
FN:16,get
FN:19,getAll
FN:22,getInfo
FN:31,randomSafeTile
FN:34,newGame
FN:43,onClearSafeRandomTile
FN:50,onNewGame
FN:55,onTileToggleFlag
FN:60,onTileClear
FN:66,update
FNF:10
FNH:10
FNDA:1959,get
FNDA:2661,getAll
FNDA:2655,getInfo
FNDA:576,randomSafeTile
FNDA:72,newGame
FNDA:576,onClearSafeRandomTile
FNDA:72,onNewGame
FNDA:42,onTileToggleFlag
FNDA:1911,onTileClear
FNDA:2583,update
DA:1,1
DA:2,1
DA:4,1
DA:5,1
DA:7,1
DA:9,1
DA:10,1
DA:12,1
DA:17,1959
DA:20,2661
DA:23,2655
DA:32,576
DA:35,72
DA:37,1
DA:44,576
DA:45,576
DA:46,558
DA:47,558
DA:48,576
DA:51,72
DA:52,72
DA:53,72
DA:56,42
DA:57,42
DA:58,42
DA:61,1911
DA:62,1911
DA:63,1911
DA:64,1911
DA:67,2583
DA:68,2583
DA:69,2583
DA:72,2583
DA:73,289
DA:75,1
DA:77,1
LF:36
LH:36
BRDA:45,1,0,558
BRDA:45,1,1,18
BRDA:72,2,0,289
BRDA:72,2,1,2294
BRF:4
BRH:4
end_of_record
