TN:
SF:/Users/walterroman/Sandbox/minesweeper-react/Resources/coffee/actions/ModalActions.coffee
FNF:0
FNH:0
DA:1,1
DA:3,1
LF:2
LH:2
BRF:0
BRH:0
end_of_record
TN:
SF:/Users/walterroman/Sandbox/minesweeper-react/Resources/coffee/actions/TilesActions.coffee
FNF:0
FNH:0
DA:1,1
DA:3,1
LF:2
LH:2
BRF:0
BRH:0
end_of_record
TN:
SF:/Users/walterroman/Sandbox/minesweeper-react/Resources/coffee/app.coffee
FNF:0
FNH:0
DA:1,0
DA:3,0
DA:5,0
DA:7,0
LF:4
LH:0
BRF:0
BRH:0
end_of_record
TN:
SF:/Users/walterroman/Sandbox/minesweeper-react/Resources/coffee/collections/ModalsCollection.coffee
FN:1,ModalsCollection
FN:2,constructor
FN:5,set
FN:9,toggle
FN:15,reset
FNF:5
FNH:5
FNDA:1,ModalsCollection
FNDA:4,constructor
FNDA:11,set
FNDA:120,toggle
FNDA:195,reset
DA:1,1
DA:3,4
DA:6,11
DA:7,11
DA:10,120
DA:11,120
DA:12,243
DA:13,120
DA:16,195
DA:17,394
DA:18,195
DA:20,1
LF:12
LH:12
BRDA:12,1,0,120
BRDA:12,1,1,123
BRF:2
BRH:2
end_of_record
TN:
SF:/Users/walterroman/Sandbox/minesweeper-react/Resources/coffee/collections/TilesCollection.coffee
FN:3,TilesCollection
FN:4,constructor
FN:9,Model
FN:10,clear
FN:15,toggleFlag
FN:19,newGame
FN:42,noMineFirstClick
FN:50,add
FN:55,reset
FN:59,randomSafeTile
FN:68,tallyMines
FN:84,gameUpdate
FN:92,moveUpdate
FN:115,clearNeighbors
FN:133,get
FN:136,getAll
FNF:16
FNH:16
FNDA:1,TilesCollection
FNDA:72,constructor
FNDA:72,Model
FNDA:15257,clear
FNDA:42,toggleFlag
FNDA:139,newGame
FNDA:12,noMineFirstClick
FNDA:46335,add
FNDA:145,reset
FNDA:3879,randomSafeTile
FNDA:151,tallyMines
FNDA:139,gameUpdate
FNDA:15438,moveUpdate
FNDA:15263,clearNeighbors
FNDA:486289,get
FNDA:492860,getAll
DA:1,1
DA:3,1
DA:5,72
DA:7,72
DA:9,72
DA:11,15257
DA:12,15257
DA:13,15257
DA:16,42
DA:17,42
DA:20,139
DA:21,139
DA:22,139
DA:23,139
DA:25,139
DA:26,2172
DA:27,46330
DA:31,46330
DA:33,139
DA:34,3314
DA:35,3314
DA:37,139
DA:38,139
DA:43,12
DA:44,12
DA:45,12
DA:46,12
DA:48,12
DA:51,46335
DA:52,46335
DA:53,46335
DA:56,145
DA:57,145
DA:60,3879
DA:64,3879
DA:65,3879
DA:66,3879
DA:69,151
DA:70,50350
DA:71,50350
DA:72,402800
DA:73,402800
DA:74,402800
DA:79,402800
DA:80,402800
DA:81,25922
DA:82,50350
DA:85,139
DA:86,139
DA:87,46330
DA:88,3314
DA:90,139
DA:93,15438
DA:94,15438
DA:95,15438
DA:96,15438
DA:98,15438
DA:100,10668539
DA:101,7570326
DA:104,10668539
DA:105,92
DA:108,10668539
DA:109,420
DA:112,15438
DA:113,100
DA:116,15263
DA:117,15263
DA:118,10189
DA:119,81512
DA:124,81512
DA:125,81512
DA:130,81512
DA:131,12817
DA:134,486289
DA:137,492860
DA:138,492860
DA:139,2626
DA:141,490234
DA:142,323427787
DA:143,323427787
DA:144,323427787
DA:145,906002828
DA:146,906002828
DA:147,43245687
DA:149,323427787
DA:150,1633098
DA:152,490234
DA:154,1
LF:88
LH:88
BRDA:43,1,0,12
BRDA:43,1,1,0
BRDA:80,2,0,25922
BRDA:80,2,1,376878
BRDA:87,3,0,3314
BRDA:87,3,1,43016
BRDA:100,4,0,7570326
BRDA:100,4,1,3098213
BRDA:104,5,0,92
BRDA:104,5,1,10668447
BRDA:108,6,0,420
BRDA:108,6,1,10668119
BRDA:112,7,0,100
BRDA:112,7,1,15338
BRDA:117,8,0,10189
BRDA:117,8,1,5074
BRDA:130,9,0,12817
BRDA:130,9,1,68695
BRDA:138,10,0,2626
BRDA:138,10,1,490234
BRDA:146,11,0,43245687
BRDA:146,11,1,862757141
BRDA:149,12,0,1633098
BRDA:149,12,1,321794689
BRF:24
BRH:23
end_of_record
TN:
SF:/Users/walterroman/Sandbox/minesweeper-react/Resources/coffee/components/DashboardComponent.coffee
FN:11,render
FN:16,onClick
FN:29,onClick
FNF:3
FNH:0
FNDA:0,render
FNDA:0,onClick
FNDA:0,onClick
DA:1,0
DA:3,0
DA:4,0
DA:6,0
DA:8,0
DA:12,0
DA:17,0
DA:30,0
DA:34,0
LF:9
LH:0
BRF:0
BRH:0
end_of_record
TN:
SF:/Users/walterroman/Sandbox/minesweeper-react/Resources/coffee/components/GameComponent.coffee
FN:25,getInitialState
FN:33,componentDidMount
FN:37,render
FNF:3
FNH:0
FNDA:0,getInitialState
FNDA:0,componentDidMount
FNDA:0,render
DA:1,0
DA:2,0
DA:4,0
DA:5,0
DA:7,0
DA:9,0
DA:10,0
DA:11,0
DA:12,0
DA:14,0
DA:16,0
DA:18,0
DA:26,0
DA:34,0
DA:35,0
DA:38,0
DA:40,0
DA:44,0
DA:48,0
DA:56,0
DA:59,0
DA:64,0
DA:70,0
LF:23
LH:0
BRF:0
BRH:0
end_of_record
TN:
SF:/Users/walterroman/Sandbox/minesweeper-react/Resources/coffee/components/InfoComponent.coffee
FN:8,render
FNF:1
FNH:0
FNDA:0,render
DA:1,0
DA:3,0
DA:5,0
DA:9,0
DA:11,0
DA:12,0
DA:19,0
DA:21,0
LF:8
LH:0
BRDA:11,1,0,0
BRDA:11,1,1,0
BRF:2
BRH:0
end_of_record
TN:
SF:/Users/walterroman/Sandbox/minesweeper-react/Resources/coffee/components/TileComponent.coffee
FN:9,render
FN:15,clickHandler
FN:29,isFirstColumn
FN:32,hasBeenFlagged
FN:36,hasBeenCleared
FN:39,hasMine
FN:42,shouldDisplayMine
FN:46,hasZeroAdjacentMines
FN:51,getText
FN:63,getClass
FNF:10
FNH:10
FNDA:12,render
FNDA:20,clickHandler
FNDA:12,isFirstColumn
FNDA:18,hasBeenFlagged
FNDA:48,hasBeenCleared
FNDA:12,hasMine
FNDA:24,shouldDisplayMine
FNDA:12,hasZeroAdjacentMines
FNDA:12,getText
FNDA:12,getClass
DA:1,1
DA:3,1
DA:4,1
DA:6,1
DA:10,12
DA:16,20
DA:17,0
DA:19,20
DA:20,20
DA:24,20
DA:25,12
DA:27,8
DA:30,12
DA:33,18
DA:37,48
DA:40,12
DA:43,24
DA:47,12
DA:52,12
DA:54,12
DA:55,3
DA:56,9
DA:57,3
DA:58,6
DA:59,3
DA:61,12
DA:64,12
DA:67,3
DA:68,6
DA:69,3
DA:70,3
DA:71,0
DA:75,1
LF:33
LH:31
BRDA:16,1,0,0
BRDA:16,1,1,20
BRDA:24,2,0,12
BRDA:24,2,1,8
BRDA:54,3,0,3
BRDA:54,3,1,9
BRDA:56,4,0,3
BRDA:56,4,1,6
BRDA:58,5,0,3
BRDA:58,5,1,3
BRDA:67,6,0,3
BRDA:67,6,1,9
BRDA:68,7,0,6
BRDA:68,7,1,6
BRDA:69,8,0,3
BRDA:69,8,1,9
BRDA:70,9,0,3
BRDA:70,9,1,9
BRDA:71,10,0,0
BRDA:71,10,1,12
BRF:20
BRH:18
end_of_record
TN:
SF:/Users/walterroman/Sandbox/minesweeper-react/Resources/coffee/components/TilesComponent.coffee
FN:10,render
FN:13,(anonymous_1)
FNF:2
FNH:0
FNDA:0,render
FNDA:0,(anonymous_1)
DA:1,0
DA:3,0
DA:5,0
DA:7,0
DA:11,0
DA:12,0
DA:13,0
DA:14,0
DA:20,0
DA:22,0
LF:10
LH:0
BRDA:12,1,0,0
BRDA:12,1,1,0
BRF:2
BRH:0
end_of_record
TN:
SF:/Users/walterroman/Sandbox/minesweeper-react/Resources/coffee/components/modals/ModalInstructionsComponent.coffee
FN:9,getClass
FN:19,clickHandler
FN:22,render
FNF:3
FNH:0
FNDA:0,getClass
FNDA:0,clickHandler
FNDA:0,render
DA:1,0
DA:2,0
DA:4,0
DA:6,0
DA:10,0
DA:14,0
DA:15,0
DA:17,0
DA:20,0
DA:23,0
DA:59,0
DA:81,0
DA:89,0
DA:98,0
LF:14
LH:0
BRDA:14,1,0,0
BRDA:14,1,1,0
BRF:2
BRH:0
end_of_record
TN:
SF:/Users/walterroman/Sandbox/minesweeper-react/Resources/coffee/components/modals/ModalNewGameComponent.coffee
FN:10,getClass
FN:20,getTitleText
FN:28,clickHandlerNewGame
FN:31,clickHandlerExitModal
FN:34,renderButtons
FN:52,render
FNF:6
FNH:0
FNDA:0,getClass
FNDA:0,getTitleText
FNDA:0,clickHandlerNewGame
FNDA:0,clickHandlerExitModal
FNDA:0,renderButtons
FNDA:0,render
DA:1,0
DA:2,0
DA:4,0
DA:5,0
DA:7,0
DA:11,0
DA:15,0
DA:16,0
DA:18,0
DA:21,0
DA:22,0
DA:23,0
DA:24,0
DA:25,0
DA:26,0
DA:29,0
DA:32,0
DA:35,0
DA:43,0
DA:44,0
DA:50,0
DA:53,0
DA:62,0
DA:70,0
LF:24
LH:0
BRDA:15,1,0,0
BRDA:15,1,1,0
BRDA:21,2,0,0
BRDA:21,2,1,0
BRDA:23,3,0,0
BRDA:23,3,1,0
BRDA:25,4,0,0
BRDA:25,4,1,0
BRDA:43,5,0,0
BRDA:43,5,1,0
BRF:10
BRH:0
end_of_record
TN:
SF:/Users/walterroman/Sandbox/minesweeper-react/Resources/coffee/components/modals/ModalOverlayComponent.coffee
FN:12,getClass
FN:19,resetHandler
FN:23,instructionsHandler
FN:26,render
FNF:4
FNH:0
FNDA:0,getClass
FNDA:0,resetHandler
FNDA:0,instructionsHandler
FNDA:0,render
DA:1,0
DA:3,0
DA:4,0
DA:5,0
DA:7,0
DA:9,0
DA:13,0
DA:14,0
DA:15,0
DA:16,0
DA:17,0
DA:20,0
DA:21,0
DA:24,0
DA:27,0
DA:34,0
DA:36,0
DA:37,0
DA:42,0
DA:43,0
DA:50,0
DA:52,0
LF:22
LH:0
BRDA:13,1,0,0
BRDA:13,1,1,0
BRDA:15,2,0,0
BRDA:15,2,1,0
BRDA:20,3,0,0
BRDA:20,3,1,0
BRDA:36,4,0,0
BRDA:36,4,1,0
BRDA:42,5,0,0
BRDA:42,5,1,0
BRF:10
BRH:0
end_of_record
TN:
SF:/Users/walterroman/Sandbox/minesweeper-react/Resources/coffee/models/TileModel.coffee
FN:1,(anonymous_1)
FN:9,TileModel
FN:15,constructor
FN:29,set
FN:35,getAdjacentTiles
FN:38,toggleFlag
FN:42,clear
FNF:7
FNH:7
FNDA:92726,(anonymous_1)
FNDA:1,TileModel
FNDA:46364,constructor
FNDA:46363,set
FNDA:60539,getAdjacentTiles
FNDA:50,toggleFlag
FNDA:15257,clear
DA:1,1
DA:2,92726
DA:3,92726
DA:8,1
DA:10,1
DA:16,46364
DA:17,0
DA:18,46363
DA:27,46363
DA:30,46363
DA:31,92829
DA:32,92829
DA:33,46363
DA:36,60539
DA:39,50
DA:40,50
DA:43,15257
DA:44,15257
DA:45,15257
LF:19
LH:18
BRDA:16,1,0,0
BRDA:16,1,1,46363
BRF:2
BRH:1
end_of_record
TN:
SF:/Users/walterroman/Sandbox/minesweeper-react/Resources/coffee/stores/ModalStore.coffee
FN:14,getAll
FN:17,reset
FN:20,toggle
FN:30,onToggle
FN:34,onReset
FN:38,onChange
FN:45,update
FNF:7
FNH:7
FNDA:186,getAll
FNDA:74,reset
FNDA:117,toggle
FNDA:2,onToggle
FNDA:1,onReset
FNDA:183,onChange
FNDA:186,update
DA:1,1
DA:2,1
DA:4,1
DA:5,1
DA:7,1
DA:8,1
DA:9,1
DA:11,1
DA:15,186
DA:18,74
DA:21,117
DA:24,1
DA:31,2
DA:32,2
DA:35,1
DA:36,1
DA:39,183
DA:40,68
DA:42,115
DA:43,183
DA:46,186
DA:48,1
DA:50,1
LF:23
LH:23
BRDA:39,1,0,68
BRDA:39,1,1,115
BRF:2
BRH:2
end_of_record
TN:
SF:/Users/walterroman/Sandbox/minesweeper-react/Resources/coffee/stores/TileStore.coffee
FN:16,get
FN:19,getAll
FN:22,getInfo
FN:31,randomSafeTile
FN:34,newGame
FN:43,onClearSafeRandomTile
FN:50,onNewGame
FN:55,onTileToggleFlag
FN:60,onTileClear
FN:66,update
FNF:10
FNH:10
FNDA:1959,get
FNDA:2632,getAll
FNDA:2626,getInfo
FNDA:547,randomSafeTile
FNDA:72,newGame
FNDA:547,onClearSafeRandomTile
FNDA:72,onNewGame
FNDA:42,onTileToggleFlag
FNDA:1911,onTileClear
FNDA:2554,update
DA:1,1
DA:2,1
DA:4,1
DA:5,1
DA:7,1
DA:9,1
DA:10,1
DA:12,1
DA:17,1959
DA:20,2632
DA:23,2626
DA:32,547
DA:35,72
DA:37,1
DA:44,547
DA:45,547
DA:46,529
DA:47,529
DA:48,547
DA:51,72
DA:52,72
DA:53,72
DA:56,42
DA:57,42
DA:58,42
DA:61,1911
DA:62,1911
DA:63,1911
DA:64,1911
DA:67,2554
DA:68,2554
DA:69,2554
DA:72,2554
DA:73,131
DA:75,1
DA:77,1
LF:36
LH:36
BRDA:45,1,0,529
BRDA:45,1,1,18
BRDA:72,2,0,131
BRDA:72,2,1,2423
BRF:4
BRH:4
end_of_record
